::1 - - [19/Jun/2020:09:12:07 +0000] "GET /products HTTP/1.1" 304 - "http://localhost:3000/" "Mozilla/5.0 (Windows NT 10.0; Win64; x64) AppleWebKit/537.36 (KHTML, like Gecko) Chrome/83.0.4103.106 Safari/537.36"
::1 - - [19/Jun/2020:09:12:18 +0000] "GET /products/5eba69a8a76494444c6d9b4c HTTP/1.1" 304 - "http://localhost:3000/products" "Mozilla/5.0 (Windows NT 10.0; Win64; x64) AppleWebKit/537.36 (KHTML, like Gecko) Chrome/83.0.4103.106 Safari/537.36"
::1 - - [21/Jun/2020:07:17:12 +0000] "GET / HTTP/1.1" 200 - "-" "Mozilla/5.0 (Windows NT 10.0; Win64; x64; rv:77.0) Gecko/20100101 Firefox/77.0"
::1 - - [21/Jun/2020:07:17:13 +0000] "GET /favicon.ico HTTP/1.1" 404 - "-" "Mozilla/5.0 (Windows NT 10.0; Win64; x64; rv:77.0) Gecko/20100101 Firefox/77.0"
::1 - - [21/Jun/2020:07:19:16 +0000] "GET / HTTP/1.1" 304 - "-" "Mozilla/5.0 (Windows NT 10.0; Win64; x64; rv:77.0) Gecko/20100101 Firefox/77.0"
- - - [21/Jun/2020:07:19:16 +0000] "GET /favicon.ico HTTP/1.1" 404 - "-" "Mozilla/5.0 (Windows NT 10.0; Win64; x64; rv:77.0) Gecko/20100101 Firefox/77.0"
::1 - - [27/Jun/2020:07:43:02 +0000] "GET / HTTP/1.1" - - "-" "Mozilla/5.0 (Windows NT 10.0; Win64; x64) AppleWebKit/537.36 (KHTML, like Gecko) Chrome/83.0.4103.116 Safari/537.36"
::1 - - [27/Jun/2020:07:43:14 +0000] "GET / HTTP/1.1" 200 - "-" "Mozilla/5.0 (Windows NT 10.0; Win64; x64) AppleWebKit/537.36 (KHTML, like Gecko) Chrome/83.0.4103.116 Safari/537.36"
::1 - - [27/Jun/2020:07:43:24 +0000] "GET /favicon.ico HTTP/1.1" 404 - "http://localhost:3000/" "Mozilla/5.0 (Windows NT 10.0; Win64; x64) AppleWebKit/537.36 (KHTML, like Gecko) Chrome/83.0.4103.116 Safari/537.36"
::1 - - [27/Jun/2020:07:43:40 +0000] "GET / HTTP/1.1" 304 - "-" "Mozilla/5.0 (Windows NT 10.0; Win64; x64) AppleWebKit/537.36 (KHTML, like Gecko) Chrome/83.0.4103.116 Safari/537.36"
::1 - - [27/Jun/2020:08:05:43 +0000] "GET /login HTTP/1.1" 200 - "http://localhost:3000/" "Mozilla/5.0 (Windows NT 10.0; Win64; x64) AppleWebKit/537.36 (KHTML, like Gecko) Chrome/83.0.4103.116 Safari/537.36"
::1 - - [27/Jun/2020:08:06:04 +0000] "POST /login HTTP/1.1" 302 46 "http://localhost:3000/login" "Mozilla/5.0 (Windows NT 10.0; Win64; x64) AppleWebKit/537.36 (KHTML, like Gecko) Chrome/83.0.4103.116 Safari/537.36"
::1 - - [27/Jun/2020:08:06:04 +0000] "GET / HTTP/1.1" 200 - "http://localhost:3000/login" "Mozilla/5.0 (Windows NT 10.0; Win64; x64) AppleWebKit/537.36 (KHTML, like Gecko) Chrome/83.0.4103.116 Safari/537.36"
::1 - - [27/Jun/2020:08:06:23 +0000] "GET /products HTTP/1.1" 200 - "http://localhost:3000/" "Mozilla/5.0 (Windows NT 10.0; Win64; x64) AppleWebKit/537.36 (KHTML, like Gecko) Chrome/83.0.4103.116 Safari/537.36"
::1 - - [27/Jun/2020:08:06:27 +0000] "GET /admin/products HTTP/1.1" 200 - "http://localhost:3000/products" "Mozilla/5.0 (Windows NT 10.0; Win64; x64) AppleWebKit/537.36 (KHTML, like Gecko) Chrome/83.0.4103.116 Safari/537.36"
::1 - - [27/Jun/2020:08:06:33 +0000] "GET /orders HTTP/1.1" 200 - "http://localhost:3000/admin/products" "Mozilla/5.0 (Windows NT 10.0; Win64; x64) AppleWebKit/537.36 (KHTML, like Gecko) Chrome/83.0.4103.116 Safari/537.36"
::1 - - [27/Jun/2020:08:06:36 +0000] "GET / HTTP/1.1" 200 - "http://localhost:3000/orders" "Mozilla/5.0 (Windows NT 10.0; Win64; x64) AppleWebKit/537.36 (KHTML, like Gecko) Chrome/83.0.4103.116 Safari/537.36"
::1 - - [27/Jun/2020:08:06:38 +0000] "POST /cart HTTP/1.1" 302 54 "http://localhost:3000/" "Mozilla/5.0 (Windows NT 10.0; Win64; x64) AppleWebKit/537.36 (KHTML, like Gecko) Chrome/83.0.4103.116 Safari/537.36"
::1 - - [27/Jun/2020:08:06:39 +0000] "GET /cart HTTP/1.1" 200 - "http://localhost:3000/" "Mozilla/5.0 (Windows NT 10.0; Win64; x64) AppleWebKit/537.36 (KHTML, like Gecko) Chrome/83.0.4103.116 Safari/537.36"
::1 - - [27/Jun/2020:08:06:46 +0000] "GET /cart HTTP/1.1" 200 - "http://localhost:3000/cart" "Mozilla/5.0 (Windows NT 10.0; Win64; x64) AppleWebKit/537.36 (KHTML, like Gecko) Chrome/83.0.4103.116 Safari/537.36"
::1 - - [27/Jun/2020:08:06:49 +0000] "POST /create-order HTTP/1.1" 302 58 "http://localhost:3000/cart" "Mozilla/5.0 (Windows NT 10.0; Win64; x64) AppleWebKit/537.36 (KHTML, like Gecko) Chrome/83.0.4103.116 Safari/537.36"
::1 - - [27/Jun/2020:08:06:50 +0000] "GET /orders HTTP/1.1" 200 - "http://localhost:3000/cart" "Mozilla/5.0 (Windows NT 10.0; Win64; x64) AppleWebKit/537.36 (KHTML, like Gecko) Chrome/83.0.4103.116 Safari/537.36"
::1 - - [27/Jun/2020:08:06:52 +0000] "GET /orders/5ef6fe1940c0324b3034068c HTTP/1.1" 200 - "http://localhost:3000/orders" "Mozilla/5.0 (Windows NT 10.0; Win64; x64) AppleWebKit/537.36 (KHTML, like Gecko) Chrome/83.0.4103.116 Safari/537.36"
::1 - - [06/Jul/2020:05:33:04 +0000] "GET / HTTP/1.1" 200 - "-" "Mozilla/5.0 (Windows NT 10.0; Win64; x64; rv:78.0) Gecko/20100101 Firefox/78.0"
::1 - - [06/Jul/2020:05:48:10 +0000] "GET / HTTP/1.1" 200 - "-" "Mozilla/5.0 (Windows NT 10.0; Win64; x64; rv:78.0) Gecko/20100101 Firefox/78.0"
::1 - - [06/Jul/2020:05:48:11 +0000] "GET /public/icons/favicon.ico HTTP/1.1" 404 - "-" "Mozilla/5.0 (Windows NT 10.0; Win64; x64; rv:78.0) Gecko/20100101 Firefox/78.0"
::1 - - [06/Jul/2020:05:48:58 +0000] "GET / HTTP/1.1" 200 - "-" "Mozilla/5.0 (Windows NT 10.0; Win64; x64; rv:78.0) Gecko/20100101 Firefox/78.0"
::1 - - [06/Jul/2020:05:57:58 +0000] "GET /products/5eba69a8a76494444c6d9b4c HTTP/1.1" 200 - "http://localhost:3000/" "Mozilla/5.0 (Windows NT 10.0; Win64; x64; rv:78.0) Gecko/20100101 Firefox/78.0"
::1 - - [06/Jul/2020:05:58:16 +0000] "GET /products/5eba69a8a76494444c6d9b4c HTTP/1.1" 200 - "http://localhost:3000/" "Mozilla/5.0 (Windows NT 10.0; Win64; x64; rv:78.0) Gecko/20100101 Firefox/78.0"
::1 - - [06/Jul/2020:05:58:21 +0000] "GET /login HTTP/1.1" 200 - "http://localhost:3000/products/5eba69a8a76494444c6d9b4c" "Mozilla/5.0 (Windows NT 10.0; Win64; x64; rv:78.0) Gecko/20100101 Firefox/78.0"
::1 - - [06/Jul/2020:05:59:11 +0000] "GET /signup HTTP/1.1" 200 - "http://localhost:3000/login" "Mozilla/5.0 (Windows NT 10.0; Win64; x64; rv:78.0) Gecko/20100101 Firefox/78.0"
::1 - - [06/Jul/2020:06:01:03 +0000] "GET /login HTTP/1.1" 200 - "http://localhost:3000/signup" "Mozilla/5.0 (Windows NT 10.0; Win64; x64; rv:78.0) Gecko/20100101 Firefox/78.0"
::1 - - [06/Jul/2020:06:03:26 +0000] "GET /login HTTP/1.1" 200 - "http://localhost:3000/signup" "Mozilla/5.0 (Windows NT 10.0; Win64; x64; rv:78.0) Gecko/20100101 Firefox/78.0"
::1 - - [06/Jul/2020:06:05:23 +0000] "GET /login HTTP/1.1" 200 - "http://localhost:3000/signup" "Mozilla/5.0 (Windows NT 10.0; Win64; x64; rv:78.0) Gecko/20100101 Firefox/78.0"
::1 - - [06/Jul/2020:06:06:36 +0000] "GET /login HTTP/1.1" 200 - "http://localhost:3000/signup" "Mozilla/5.0 (Windows NT 10.0; Win64; x64; rv:78.0) Gecko/20100101 Firefox/78.0"
::1 - - [06/Jul/2020:06:08:05 +0000] "GET /login HTTP/1.1" 200 - "http://localhost:3000/signup" "Mozilla/5.0 (Windows NT 10.0; Win64; x64; rv:78.0) Gecko/20100101 Firefox/78.0"
::1 - - [06/Jul/2020:06:08:05 +0000] "GET /public/icons/android-chrome-512x512.png HTTP/1.1" 404 - "http://localhost:3000/login" "Mozilla/5.0 (Windows NT 10.0; Win64; x64; rv:78.0) Gecko/20100101 Firefox/78.0"
::1 - - [06/Jul/2020:06:08:16 +0000] "GET /login HTTP/1.1" 200 - "http://localhost:3000/signup" "Mozilla/5.0 (Windows NT 10.0; Win64; x64; rv:78.0) Gecko/20100101 Firefox/78.0"
::1 - - [06/Jul/2020:06:09:53 +0000] "GET /login HTTP/1.1" 200 - "http://localhost:3000/signup" "Mozilla/5.0 (Windows NT 10.0; Win64; x64; rv:78.0) Gecko/20100101 Firefox/78.0"
::1 - - [06/Jul/2020:06:10:02 +0000] "GET /login HTTP/1.1" 200 - "http://localhost:3000/signup" "Mozilla/5.0 (Windows NT 10.0; Win64; x64; rv:78.0) Gecko/20100101 Firefox/78.0"
::1 - - [06/Jul/2020:06:10:11 +0000] "GET /login HTTP/1.1" 200 - "http://localhost:3000/signup" "Mozilla/5.0 (Windows NT 10.0; Win64; x64; rv:78.0) Gecko/20100101 Firefox/78.0"
::1 - - [06/Jul/2020:06:11:07 +0000] "GET /login HTTP/1.1" 200 - "http://localhost:3000/signup" "Mozilla/5.0 (Windows NT 10.0; Win64; x64; rv:78.0) Gecko/20100101 Firefox/78.0"
::1 - - [06/Jul/2020:06:11:28 +0000] "GET /login HTTP/1.1" 200 - "http://localhost:3000/signup" "Mozilla/5.0 (Windows NT 10.0; Win64; x64; rv:78.0) Gecko/20100101 Firefox/78.0"
::1 - - [06/Jul/2020:06:11:42 +0000] "GET /login HTTP/1.1" 200 - "http://localhost:3000/signup" "Mozilla/5.0 (Windows NT 10.0; Win64; x64; rv:78.0) Gecko/20100101 Firefox/78.0"
::1 - - [06/Jul/2020:06:11:58 +0000] "GET /login HTTP/1.1" 200 - "http://localhost:3000/signup" "Mozilla/5.0 (Windows NT 10.0; Win64; x64; rv:78.0) Gecko/20100101 Firefox/78.0"
::1 - - [06/Jul/2020:06:12:31 +0000] "GET /login HTTP/1.1" 200 - "http://localhost:3000/signup" "Mozilla/5.0 (Windows NT 10.0; Win64; x64; rv:78.0) Gecko/20100101 Firefox/78.0"
::1 - - [06/Jul/2020:06:12:45 +0000] "GET /login HTTP/1.1" 200 - "http://localhost:3000/signup" "Mozilla/5.0 (Windows NT 10.0; Win64; x64; rv:78.0) Gecko/20100101 Firefox/78.0"
::1 - - [06/Jul/2020:06:14:08 +0000] "GET /login HTTP/1.1" 200 - "http://localhost:3000/signup" "Mozilla/5.0 (Windows NT 10.0; Win64; x64; rv:78.0) Gecko/20100101 Firefox/78.0"
::1 - - [06/Jul/2020:06:14:24 +0000] "GET /login HTTP/1.1" 200 - "http://localhost:3000/signup" "Mozilla/5.0 (Windows NT 10.0; Win64; x64; rv:78.0) Gecko/20100101 Firefox/78.0"
::1 - - [06/Jul/2020:06:14:45 +0000] "GET /login HTTP/1.1" 200 - "http://localhost:3000/signup" "Mozilla/5.0 (Windows NT 10.0; Win64; x64; rv:78.0) Gecko/20100101 Firefox/78.0"
::1 - - [06/Jul/2020:06:15:25 +0000] "GET /login HTTP/1.1" 200 - "http://localhost:3000/signup" "Mozilla/5.0 (Windows NT 10.0; Win64; x64; rv:78.0) Gecko/20100101 Firefox/78.0"
::1 - - [06/Jul/2020:06:15:47 +0000] "GET /login HTTP/1.1" 200 - "http://localhost:3000/signup" "Mozilla/5.0 (Windows NT 10.0; Win64; x64; rv:78.0) Gecko/20100101 Firefox/78.0"
::1 - - [06/Jul/2020:06:17:33 +0000] "GET /login HTTP/1.1" 200 - "http://localhost:3000/signup" "Mozilla/5.0 (Windows NT 10.0; Win64; x64; rv:78.0) Gecko/20100101 Firefox/78.0"
::1 - - [06/Jul/2020:06:30:05 +0000] "GET /login HTTP/1.1" 200 - "http://localhost:3000/signup" "Mozilla/5.0 (Windows NT 10.0; Win64; x64; rv:78.0) Gecko/20100101 Firefox/78.0"
::1 - - [06/Jul/2020:06:32:03 +0000] "GET /login HTTP/1.1" 200 - "http://localhost:3000/signup" "Mozilla/5.0 (Windows NT 10.0; Win64; x64; rv:78.0) Gecko/20100101 Firefox/78.0"
::1 - - [06/Jul/2020:06:32:32 +0000] "GET /login HTTP/1.1" 200 - "http://localhost:3000/signup" "Mozilla/5.0 (Windows NT 10.0; Win64; x64; rv:78.0) Gecko/20100101 Firefox/78.0"
::1 - - [06/Jul/2020:06:32:34 +0000] "GET /login HTTP/1.1" 200 - "http://localhost:3000/signup" "Mozilla/5.0 (Windows NT 10.0; Win64; x64; rv:78.0) Gecko/20100101 Firefox/78.0"
::1 - - [06/Jul/2020:06:33:32 +0000] "GET /login HTTP/1.1" 200 - "http://localhost:3000/signup" "Mozilla/5.0 (Windows NT 10.0; Win64; x64; rv:78.0) Gecko/20100101 Firefox/78.0"
::1 - - [06/Jul/2020:06:42:47 +0000] "GET /login HTTP/1.1" 200 - "http://localhost:3000/signup" "Mozilla/5.0 (Linux; Android 7.0; SM-G892A Build/NRD90M; wv) AppleWebKit/537.36 (KHTML, like Gecko) Version/4.0 Chrome/67.0.3396.87 Mobile Safari/537.36"
::1 - - [06/Jul/2020:06:44:14 +0000] "GET /login HTTP/1.1" 200 - "http://localhost:3000/signup" "Mozilla/5.0 (Linux; Android 7.0; SM-G892A Build/NRD90M; wv) AppleWebKit/537.36 (KHTML, like Gecko) Version/4.0 Chrome/67.0.3396.87 Mobile Safari/537.36"
::1 - - [06/Jul/2020:06:44:55 +0000] "GET /login HTTP/1.1" 200 - "http://localhost:3000/signup" "Mozilla/5.0 (Windows NT 10.0; Win64; x64; rv:78.0) Gecko/20100101 Firefox/78.0"
::1 - - [06/Jul/2020:06:45:23 +0000] "GET /login HTTP/1.1" 200 - "http://localhost:3000/signup" "Mozilla/5.0 (Windows NT 10.0; Win64; x64; rv:78.0) Gecko/20100101 Firefox/78.0"
::1 - - [06/Jul/2020:06:50:43 +0000] "GET /login HTTP/1.1" 200 - "http://localhost:3000/signup" "Mozilla/5.0 (Windows NT 10.0; Win64; x64; rv:78.0) Gecko/20100101 Firefox/78.0"
::1 - - [06/Jul/2020:06:51:45 +0000] "GET /login HTTP/1.1" 200 - "http://localhost:3000/signup" "Mozilla/5.0 (Windows NT 10.0; Win64; x64; rv:78.0) Gecko/20100101 Firefox/78.0"
::1 - - [06/Jul/2020:06:54:08 +0000] "GET /login HTTP/1.1" 200 - "http://localhost:3000/signup" "Mozilla/5.0 (Windows NT 10.0; Win64; x64; rv:78.0) Gecko/20100101 Firefox/78.0"
::1 - - [06/Jul/2020:06:54:54 +0000] "GET /login HTTP/1.1" 200 - "http://localhost:3000/signup" "Mozilla/5.0 (Windows NT 10.0; Win64; x64; rv:78.0) Gecko/20100101 Firefox/78.0"
::1 - - [06/Jul/2020:06:54:57 +0000] "GET /login HTTP/1.1" 200 - "http://localhost:3000/signup" "Mozilla/5.0 (Windows NT 10.0; Win64; x64; rv:78.0) Gecko/20100101 Firefox/78.0"
::1 - - [06/Jul/2020:06:58:54 +0000] "GET /login HTTP/1.1" 200 - "http://localhost:3000/signup" "Mozilla/5.0 (Windows NT 10.0; Win64; x64; rv:78.0) Gecko/20100101 Firefox/78.0"
::1 - - [06/Jul/2020:06:59:41 +0000] "GET /login HTTP/1.1" 200 - "http://localhost:3000/signup" "Mozilla/5.0 (Windows NT 10.0; Win64; x64; rv:78.0) Gecko/20100101 Firefox/78.0"
::1 - - [06/Jul/2020:07:00:25 +0000] "GET /login HTTP/1.1" 200 - "http://localhost:3000/signup" "Mozilla/5.0 (Windows NT 10.0; Win64; x64; rv:78.0) Gecko/20100101 Firefox/78.0"
::1 - - [06/Jul/2020:07:00:50 +0000] "GET /login HTTP/1.1" 200 - "http://localhost:3000/signup" "Mozilla/5.0 (Windows NT 10.0; Win64; x64; rv:78.0) Gecko/20100101 Firefox/78.0"
::1 - - [06/Jul/2020:07:01:18 +0000] "GET /login HTTP/1.1" 200 - "http://localhost:3000/signup" "Mozilla/5.0 (Windows NT 10.0; Win64; x64; rv:78.0) Gecko/20100101 Firefox/78.0"
::1 - - [06/Jul/2020:07:01:45 +0000] "GET /login HTTP/1.1" 200 - "http://localhost:3000/signup" "Mozilla/5.0 (Windows NT 10.0; Win64; x64; rv:78.0) Gecko/20100101 Firefox/78.0"
::1 - - [06/Jul/2020:07:03:43 +0000] "GET /login HTTP/1.1" 200 - "http://localhost:3000/signup" "Mozilla/5.0 (Windows NT 10.0; Win64; x64; rv:78.0) Gecko/20100101 Firefox/78.0"
::1 - - [06/Jul/2020:07:03:55 +0000] "GET /login HTTP/1.1" 200 - "http://localhost:3000/signup" "Mozilla/5.0 (Windows NT 10.0; Win64; x64; rv:78.0) Gecko/20100101 Firefox/78.0"
::1 - - [06/Jul/2020:07:05:25 +0000] "GET /login HTTP/1.1" 200 - "http://localhost:3000/signup" "Mozilla/5.0 (Windows NT 10.0; Win64; x64; rv:78.0) Gecko/20100101 Firefox/78.0"
::1 - - [06/Jul/2020:07:05:45 +0000] "GET /login HTTP/1.1" 200 - "http://localhost:3000/signup" "Mozilla/5.0 (Windows NT 10.0; Win64; x64; rv:78.0) Gecko/20100101 Firefox/78.0"
::1 - - [06/Jul/2020:07:05:59 +0000] "GET /login HTTP/1.1" 200 - "http://localhost:3000/signup" "Mozilla/5.0 (Windows NT 10.0; Win64; x64; rv:78.0) Gecko/20100101 Firefox/78.0"
::1 - - [06/Jul/2020:07:06:32 +0000] "GET /login HTTP/1.1" 200 - "http://localhost:3000/signup" "Mozilla/5.0 (Windows NT 10.0; Win64; x64; rv:78.0) Gecko/20100101 Firefox/78.0"
::1 - - [06/Jul/2020:07:07:24 +0000] "GET /login HTTP/1.1" 200 - "http://localhost:3000/signup" "Mozilla/5.0 (Windows NT 10.0; Win64; x64; rv:78.0) Gecko/20100101 Firefox/78.0"
::1 - - [06/Jul/2020:07:08:04 +0000] "GET /login HTTP/1.1" 200 - "http://localhost:3000/signup" "Mozilla/5.0 (Windows NT 10.0; Win64; x64; rv:78.0) Gecko/20100101 Firefox/78.0"
::1 - - [06/Jul/2020:07:08:06 +0000] "GET /login HTTP/1.1" 200 - "http://localhost:3000/signup" "Mozilla/5.0 (Windows NT 10.0; Win64; x64; rv:78.0) Gecko/20100101 Firefox/78.0"
::1 - - [06/Jul/2020:07:08:44 +0000] "GET /login HTTP/1.1" 200 - "http://localhost:3000/signup" "Mozilla/5.0 (Windows NT 10.0; Win64; x64; rv:78.0) Gecko/20100101 Firefox/78.0"
::1 - - [06/Jul/2020:07:09:07 +0000] "GET /login HTTP/1.1" 200 - "http://localhost:3000/signup" "Mozilla/5.0 (Windows NT 10.0; Win64; x64; rv:78.0) Gecko/20100101 Firefox/78.0"
::1 - - [06/Jul/2020:07:09:35 +0000] "GET /login HTTP/1.1" 200 - "http://localhost:3000/signup" "Mozilla/5.0 (Windows NT 10.0; Win64; x64; rv:78.0) Gecko/20100101 Firefox/78.0"
::1 - - [06/Jul/2020:07:10:13 +0000] "GET /login HTTP/1.1" 200 - "http://localhost:3000/signup" "Mozilla/5.0 (Windows NT 10.0; Win64; x64; rv:78.0) Gecko/20100101 Firefox/78.0"
::1 - - [06/Jul/2020:07:19:29 +0000] "GET /login HTTP/1.1" 200 - "http://localhost:3000/signup" "Mozilla/5.0 (Windows NT 10.0; Win64; x64; rv:78.0) Gecko/20100101 Firefox/78.0"
::1 - - [06/Jul/2020:07:20:19 +0000] "GET /login HTTP/1.1" 200 - "http://localhost:3000/signup" "Mozilla/5.0 (Windows NT 10.0; Win64; x64; rv:78.0) Gecko/20100101 Firefox/78.0"
::1 - - [06/Jul/2020:07:20:56 +0000] "GET /login HTTP/1.1" 200 - "http://localhost:3000/signup" "Mozilla/5.0 (Windows NT 10.0; Win64; x64; rv:78.0) Gecko/20100101 Firefox/78.0"
::1 - - [06/Jul/2020:07:31:00 +0000] "GET /login HTTP/1.1" 200 - "http://localhost:3000/signup" "Mozilla/5.0 (Windows NT 10.0; Win64; x64; rv:78.0) Gecko/20100101 Firefox/78.0"
::1 - - [06/Jul/2020:07:32:51 +0000] "GET /login HTTP/1.1" 200 - "http://localhost:3000/signup" "Mozilla/5.0 (Windows NT 10.0; Win64; x64; rv:78.0) Gecko/20100101 Firefox/78.0"
::1 - - [06/Jul/2020:07:33:05 +0000] "GET /login HTTP/1.1" 200 - "http://localhost:3000/signup" "Mozilla/5.0 (Windows NT 10.0; Win64; x64; rv:78.0) Gecko/20100101 Firefox/78.0"
::1 - - [06/Jul/2020:07:33:20 +0000] "GET /login HTTP/1.1" 200 - "http://localhost:3000/signup" "Mozilla/5.0 (Windows NT 10.0; Win64; x64; rv:78.0) Gecko/20100101 Firefox/78.0"
::1 - - [06/Jul/2020:07:33:38 +0000] "GET /login HTTP/1.1" 200 - "http://localhost:3000/signup" "Mozilla/5.0 (Windows NT 10.0; Win64; x64; rv:78.0) Gecko/20100101 Firefox/78.0"
::1 - - [06/Jul/2020:07:34:07 +0000] "GET /login HTTP/1.1" 200 - "http://localhost:3000/signup" "Mozilla/5.0 (Windows NT 10.0; Win64; x64; rv:78.0) Gecko/20100101 Firefox/78.0"
::1 - - [06/Jul/2020:07:34:45 +0000] "GET /login HTTP/1.1" 200 - "http://localhost:3000/signup" "Mozilla/5.0 (Windows NT 10.0; Win64; x64; rv:78.0) Gecko/20100101 Firefox/78.0"
::1 - - [06/Jul/2020:07:36:51 +0000] "GET /signup HTTP/1.1" 200 - "http://localhost:3000/login" "Mozilla/5.0 (Windows NT 10.0; Win64; x64; rv:78.0) Gecko/20100101 Firefox/78.0"
::1 - - [06/Jul/2020:07:42:50 +0000] "GET /signup HTTP/1.1" 200 - "http://localhost:3000/login" "Mozilla/5.0 (Windows NT 10.0; Win64; x64; rv:78.0) Gecko/20100101 Firefox/78.0"
::1 - - [06/Jul/2020:07:42:53 +0000] "GET /login HTTP/1.1" 200 - "http://localhost:3000/signup" "Mozilla/5.0 (Windows NT 10.0; Win64; x64; rv:78.0) Gecko/20100101 Firefox/78.0"
::1 - - [06/Jul/2020:07:44:12 +0000] "GET /login HTTP/1.1" 200 - "http://localhost:3000/signup" "Mozilla/5.0 (Windows NT 10.0; Win64; x64; rv:78.0) Gecko/20100101 Firefox/78.0"
::1 - - [06/Jul/2020:07:44:49 +0000] "GET /login HTTP/1.1" 200 - "http://localhost:3000/signup" "Mozilla/5.0 (Windows NT 10.0; Win64; x64; rv:78.0) Gecko/20100101 Firefox/78.0"
::1 - - [06/Jul/2020:07:45:06 +0000] "GET /login HTTP/1.1" 200 - "http://localhost:3000/signup" "Mozilla/5.0 (Windows NT 10.0; Win64; x64; rv:78.0) Gecko/20100101 Firefox/78.0"
::1 - - [06/Jul/2020:07:46:18 +0000] "GET /login HTTP/1.1" 200 - "http://localhost:3000/signup" "Mozilla/5.0 (Windows NT 10.0; Win64; x64; rv:78.0) Gecko/20100101 Firefox/78.0"
::1 - - [06/Jul/2020:07:47:44 +0000] "GET /login HTTP/1.1" 200 - "http://localhost:3000/signup" "Mozilla/5.0 (Linux; Android 7.0; SM-G892A Build/NRD90M; wv) AppleWebKit/537.36 (KHTML, like Gecko) Version/4.0 Chrome/67.0.3396.87 Mobile Safari/537.36"
::1 - - [06/Jul/2020:07:48:27 +0000] "GET /login HTTP/1.1" 200 - "http://localhost:3000/signup" "Mozilla/5.0 (Windows NT 10.0; Win64; x64; rv:78.0) Gecko/20100101 Firefox/78.0"
::1 - - [06/Jul/2020:07:48:54 +0000] "GET /login HTTP/1.1" 200 - "http://localhost:3000/signup" "Mozilla/5.0 (Windows NT 10.0; Win64; x64; rv:78.0) Gecko/20100101 Firefox/78.0"
::1 - - [06/Jul/2020:07:49:33 +0000] "GET /login HTTP/1.1" 200 - "http://localhost:3000/signup" "Mozilla/5.0 (Windows NT 10.0; Win64; x64; rv:78.0) Gecko/20100101 Firefox/78.0"
::1 - - [06/Jul/2020:07:49:42 +0000] "GET /login HTTP/1.1" 200 - "http://localhost:3000/signup" "Mozilla/5.0 (Windows NT 10.0; Win64; x64; rv:78.0) Gecko/20100101 Firefox/78.0"
::1 - - [06/Jul/2020:07:49:53 +0000] "GET /login HTTP/1.1" 200 - "http://localhost:3000/signup" "Mozilla/5.0 (Windows NT 10.0; Win64; x64; rv:78.0) Gecko/20100101 Firefox/78.0"
::1 - - [06/Jul/2020:07:50:13 +0000] "GET /login HTTP/1.1" 200 - "http://localhost:3000/signup" "Mozilla/5.0 (Windows NT 10.0; Win64; x64; rv:78.0) Gecko/20100101 Firefox/78.0"
::1 - - [06/Jul/2020:07:50:21 +0000] "GET /login HTTP/1.1" 200 - "http://localhost:3000/signup" "Mozilla/5.0 (Windows NT 10.0; Win64; x64; rv:78.0) Gecko/20100101 Firefox/78.0"
::1 - - [06/Jul/2020:07:51:40 +0000] "GET /login HTTP/1.1" 200 - "http://localhost:3000/signup" "Mozilla/5.0 (Windows NT 10.0; Win64; x64; rv:78.0) Gecko/20100101 Firefox/78.0"
::1 - - [06/Jul/2020:07:51:59 +0000] "GET /login HTTP/1.1" 200 - "http://localhost:3000/signup" "Mozilla/5.0 (Windows NT 10.0; Win64; x64; rv:78.0) Gecko/20100101 Firefox/78.0"
::1 - - [06/Jul/2020:07:53:01 +0000] "GET /login HTTP/1.1" 200 - "http://localhost:3000/signup" "Mozilla/5.0 (Windows NT 10.0; Win64; x64; rv:78.0) Gecko/20100101 Firefox/78.0"
::1 - - [06/Jul/2020:07:54:19 +0000] "GET /login HTTP/1.1" 200 - "http://localhost:3000/signup" "Mozilla/5.0 (Linux; Android 7.0; SM-G892A Build/NRD90M; wv) AppleWebKit/537.36 (KHTML, like Gecko) Version/4.0 Chrome/67.0.3396.87 Mobile Safari/537.36"
::1 - - [06/Jul/2020:07:55:08 +0000] "GET /signup HTTP/1.1" 200 - "http://localhost:3000/login" "Mozilla/5.0 (Windows NT 10.0; Win64; x64; rv:78.0) Gecko/20100101 Firefox/78.0"
::1 - - [06/Jul/2020:08:04:11 +0000] "POST /signup HTTP/1.1" 422 - "http://localhost:3000/signup" "Mozilla/5.0 (Windows NT 10.0; Win64; x64; rv:78.0) Gecko/20100101 Firefox/78.0"
::1 - - [06/Jul/2020:08:04:28 +0000] "POST /signup HTTP/1.1" 302 56 "http://localhost:3000/signup" "Mozilla/5.0 (Windows NT 10.0; Win64; x64; rv:78.0) Gecko/20100101 Firefox/78.0"
::1 - - [06/Jul/2020:08:04:28 +0000] "GET /login HTTP/1.1" 200 - "http://localhost:3000/signup" "Mozilla/5.0 (Windows NT 10.0; Win64; x64; rv:78.0) Gecko/20100101 Firefox/78.0"
::1 - - [06/Jul/2020:08:12:17 +0000] "GET /login HTTP/1.1" 200 - "http://localhost:3000/signup" "Mozilla/5.0 (iPad; CPU OS 11_0 like Mac OS X) AppleWebKit/604.1.34 (KHTML, like Gecko) Version/11.0 Mobile/15A5341f Safari/604.1"
::1 - - [06/Jul/2020:08:12:32 +0000] "GET /login HTTP/1.1" 200 - "http://localhost:3000/signup" "Mozilla/5.0 (iPad; CPU OS 11_0 like Mac OS X) AppleWebKit/604.1.34 (KHTML, like Gecko) Version/11.0 Mobile/15A5341f Safari/604.1"
::1 - - [06/Jul/2020:08:12:43 +0000] "GET /login HTTP/1.1" 200 - "http://localhost:3000/signup" "Mozilla/5.0 (iPad; CPU OS 11_0 like Mac OS X) AppleWebKit/604.1.34 (KHTML, like Gecko) Version/11.0 Mobile/15A5341f Safari/604.1"
::1 - - [06/Jul/2020:08:13:17 +0000] "GET /login HTTP/1.1" 200 - "http://localhost:3000/signup" "Mozilla/5.0 (Linux; U; en-us; KFAPWI Build/JDQ39) AppleWebKit/535.19 (KHTML, like Gecko) Silk/3.13 Safari/535.19 Silk-Accelerated=true"
::1 - - [06/Jul/2020:08:14:20 +0000] "GET /signup HTTP/1.1" 200 - "http://localhost:3000/login" "Mozilla/5.0 (iPhone; CPU iPhone OS 12_0 like Mac OS X) AppleWebKit/604.1.38 (KHTML, like Gecko) Version/12.0 Mobile/15A372 Safari/604.1"
::1 - - [06/Jul/2020:08:14:30 +0000] "GET / HTTP/1.1" 200 - "http://localhost:3000/signup" "Mozilla/5.0 (iPhone; CPU iPhone OS 12_0 like Mac OS X) AppleWebKit/604.1.38 (KHTML, like Gecko) Version/12.0 Mobile/15A372 Safari/604.1"
::1 - - [06/Jul/2020:08:14:39 +0000] "GET /products/5ea8f0f58fed18570434a1ff HTTP/1.1" 200 - "http://localhost:3000/" "Mozilla/5.0 (iPhone; CPU iPhone OS 12_0 like Mac OS X) AppleWebKit/604.1.38 (KHTML, like Gecko) Version/12.0 Mobile/15A372 Safari/604.1"
::1 - - [06/Jul/2020:08:14:47 +0000] "GET / HTTP/1.1" 304 - "http://localhost:3000/products/5ea8f0f58fed18570434a1ff" "Mozilla/5.0 (iPhone; CPU iPhone OS 12_0 like Mac OS X) AppleWebKit/604.1.38 (KHTML, like Gecko) Version/12.0 Mobile/15A372 Safari/604.1"
::1 - - [06/Jul/2020:08:14:51 +0000] "GET /products HTTP/1.1" 200 - "http://localhost:3000/" "Mozilla/5.0 (iPhone; CPU iPhone OS 12_0 like Mac OS X) AppleWebKit/604.1.38 (KHTML, like Gecko) Version/12.0 Mobile/15A372 Safari/604.1"
::1 - - [06/Jul/2020:08:14:59 +0000] "GET /products/5ea8f0f58fed18570434a1ff HTTP/1.1" 304 - "http://localhost:3000/products" "Mozilla/5.0 (Windows NT 10.0; Win64; x64; rv:78.0) Gecko/20100101 Firefox/78.0"
::1 - - [06/Jul/2020:08:15:29 +0000] "GET /products HTTP/1.1" 304 - "http://localhost:3000/products/5ea8f0f58fed18570434a1ff" "Mozilla/5.0 (Windows NT 10.0; Win64; x64; rv:78.0) Gecko/20100101 Firefox/78.0"
::1 - - [06/Jul/2020:08:15:34 +0000] "GET /products/5ea8f0f58fed18570434a1ff HTTP/1.1" 304 - "http://localhost:3000/products" "Mozilla/5.0 (Windows NT 10.0; Win64; x64; rv:78.0) Gecko/20100101 Firefox/78.0"
::1 - - [06/Jul/2020:08:15:59 +0000] "GET /login HTTP/1.1" 200 - "http://localhost:3000/products/5ea8f0f58fed18570434a1ff" "Mozilla/5.0 (Windows NT 10.0; Win64; x64; rv:78.0) Gecko/20100101 Firefox/78.0"
::1 - - [06/Jul/2020:08:16:07 +0000] "POST /login HTTP/1.1" 302 46 "http://localhost:3000/login" "Mozilla/5.0 (Windows NT 10.0; Win64; x64; rv:78.0) Gecko/20100101 Firefox/78.0"
::1 - - [06/Jul/2020:08:16:08 +0000] "GET / HTTP/1.1" 200 - "http://localhost:3000/login" "Mozilla/5.0 (Windows NT 10.0; Win64; x64; rv:78.0) Gecko/20100101 Firefox/78.0"
::1 - - [06/Jul/2020:08:16:11 +0000] "POST /cart HTTP/1.1" 302 54 "http://localhost:3000/" "Mozilla/5.0 (Windows NT 10.0; Win64; x64; rv:78.0) Gecko/20100101 Firefox/78.0"
::1 - - [06/Jul/2020:08:16:12 +0000] "GET /cart HTTP/1.1" 200 - "http://localhost:3000/" "Mozilla/5.0 (Windows NT 10.0; Win64; x64; rv:78.0) Gecko/20100101 Firefox/78.0"
::1 - - [06/Jul/2020:08:16:15 +0000] "POST /create-order HTTP/1.1" 302 58 "http://localhost:3000/cart" "Mozilla/5.0 (Windows NT 10.0; Win64; x64; rv:78.0) Gecko/20100101 Firefox/78.0"
::1 - - [06/Jul/2020:08:16:17 +0000] "GET /orders HTTP/1.1" 200 - "http://localhost:3000/cart" "Mozilla/5.0 (Windows NT 10.0; Win64; x64; rv:78.0) Gecko/20100101 Firefox/78.0"
::1 - - [06/Jul/2020:08:16:29 +0000] "GET /orders/5f02ddcfbf1532437004b2c5 HTTP/1.1" 200 - "http://localhost:3000/orders" "Mozilla/5.0 (Windows NT 10.0; Win64; x64; rv:78.0) Gecko/20100101 Firefox/78.0"
::1 - - [06/Jul/2020:08:40:37 +0000] "GET /orders/5f02ddcfbf1532437004b2c5 HTTP/1.1" 200 - "http://localhost:3000/orders" "Mozilla/5.0 (Windows NT 10.0; Win64; x64; rv:78.0) Gecko/20100101 Firefox/78.0"
::1 - - [06/Jul/2020:08:41:36 +0000] "GET /orders/5f02ddcfbf1532437004b2c5 HTTP/1.1" 200 - "http://localhost:3000/orders" "Mozilla/5.0 (Windows NT 10.0; Win64; x64; rv:78.0) Gecko/20100101 Firefox/78.0"
::1 - - [06/Jul/2020:08:51:55 +0000] "GET /orders/5f02ddcfbf1532437004b2c5 HTTP/1.1" 200 - "http://localhost:3000/orders" "Mozilla/5.0 (Windows NT 10.0; Win64; x64; rv:78.0) Gecko/20100101 Firefox/78.0"
::1 - - [06/Jul/2020:08:52:52 +0000] "GET /orders/5f02ddcfbf1532437004b2c5 HTTP/1.1" 200 - "http://localhost:3000/orders" "Mozilla/5.0 (Windows NT 10.0; Win64; x64; rv:78.0) Gecko/20100101 Firefox/78.0"
::1 - - [06/Jul/2020:08:55:57 +0000] "GET /orders/5f02ddcfbf1532437004b2c5 HTTP/1.1" 200 - "http://localhost:3000/orders" "Mozilla/5.0 (Windows NT 10.0; Win64; x64; rv:78.0) Gecko/20100101 Firefox/78.0"
::1 - - [06/Jul/2020:08:56:12 +0000] "GET /orders/5f02ddcfbf1532437004b2c5 HTTP/1.1" 200 - "http://localhost:3000/orders" "Mozilla/5.0 (Windows NT 10.0; Win64; x64; rv:78.0) Gecko/20100101 Firefox/78.0"
::1 - - [06/Jul/2020:08:57:16 +0000] "GET /orders/5f02ddcfbf1532437004b2c5 HTTP/1.1" 200 - "http://localhost:3000/orders" "Mozilla/5.0 (Windows NT 10.0; Win64; x64; rv:78.0) Gecko/20100101 Firefox/78.0"
::1 - - [06/Jul/2020:08:57:41 +0000] "GET /orders/5f02ddcfbf1532437004b2c5 HTTP/1.1" 200 - "http://localhost:3000/orders" "Mozilla/5.0 (Windows NT 10.0; Win64; x64; rv:78.0) Gecko/20100101 Firefox/78.0"
::1 - - [06/Jul/2020:08:59:21 +0000] "GET /orders/5f02ddcfbf1532437004b2c5 HTTP/1.1" 200 - "http://localhost:3000/orders" "Mozilla/5.0 (Windows NT 10.0; Win64; x64; rv:78.0) Gecko/20100101 Firefox/78.0"
::ffff:127.0.0.1 - - [06/Jul/2020:09:13:52 +0000] "GET /orders/5f02ddcfbf1532437004b2c5 HTTP/1.1" 200 - "http://localhost:3000/orders" "Mozilla/5.0 (Windows NT 10.0; Win64; x64; rv:78.0) Gecko/20100101 Firefox/78.0"
::ffff:127.0.0.1 - - [06/Jul/2020:09:43:04 +0000] "GET /orders/5f02ddcfbf1532437004b2c5 HTTP/1.1" 200 - "http://localhost:3000/orders" "Mozilla/5.0 (Windows NT 10.0; Win64; x64; rv:78.0) Gecko/20100101 Firefox/78.0"
::ffff:127.0.0.1 - - [06/Jul/2020:09:43:05 +0000] "GET /favicon.ico HTTP/1.1" - - "-" "Mozilla/5.0 (Windows NT 10.0; Win64; x64; rv:78.0) Gecko/20100101 Firefox/78.0"
::1 - - [07/Jul/2020:05:27:04 +0000] "GET / HTTP/1.1" 200 - "-" "Mozilla/5.0 (Windows NT 10.0; Win64; x64; rv:78.0) Gecko/20100101 Firefox/78.0"
::1 - - [07/Jul/2020:05:27:09 +0000] "GET /login HTTP/1.1" 200 - "http://localhost:3000/" "Mozilla/5.0 (Windows NT 10.0; Win64; x64; rv:78.0) Gecko/20100101 Firefox/78.0"
::1 - - [07/Jul/2020:05:27:19 +0000] "POST /login HTTP/1.1" 302 46 "http://localhost:3000/login" "Mozilla/5.0 (Windows NT 10.0; Win64; x64; rv:78.0) Gecko/20100101 Firefox/78.0"
::1 - - [07/Jul/2020:05:27:20 +0000] "GET / HTTP/1.1" 200 - "http://localhost:3000/login" "Mozilla/5.0 (Windows NT 10.0; Win64; x64; rv:78.0) Gecko/20100101 Firefox/78.0"
::1 - - [07/Jul/2020:05:27:26 +0000] "GET /orders HTTP/1.1" 200 - "http://localhost:3000/" "Mozilla/5.0 (Windows NT 10.0; Win64; x64; rv:78.0) Gecko/20100101 Firefox/78.0"
::1 - - [07/Jul/2020:05:27:28 +0000] "GET /orders/5f02ddcfbf1532437004b2c5 HTTP/1.1" 200 - "http://localhost:3000/orders" "Mozilla/5.0 (Windows NT 10.0; Win64; x64; rv:78.0) Gecko/20100101 Firefox/78.0"
::1 - - [07/Jul/2020:05:27:29 +0000] "GET /favicon.ico HTTP/1.1" - - "-" "Mozilla/5.0 (Windows NT 10.0; Win64; x64; rv:78.0) Gecko/20100101 Firefox/78.0"
::1 - - [07/Jul/2020:05:34:32 +0000] "GET /orders/5f02ddcfbf1532437004b2c5 HTTP/1.1" 200 - "http://localhost:3000/orders" "Mozilla/5.0 (Windows NT 10.0; Win64; x64; rv:78.0) Gecko/20100101 Firefox/78.0"
::1 - - [07/Jul/2020:05:34:32 +0000] "GET /favicon.ico HTTP/1.1" - - "-" "Mozilla/5.0 (Windows NT 10.0; Win64; x64; rv:78.0) Gecko/20100101 Firefox/78.0"
::1 - - [07/Jul/2020:05:35:34 +0000] "GET /orders/5f02ddcfbf1532437004b2c5 HTTP/1.1" 200 - "http://localhost:3000/orders" "Mozilla/5.0 (Windows NT 10.0; Win64; x64; rv:78.0) Gecko/20100101 Firefox/78.0"
::1 - - [07/Jul/2020:05:39:57 +0000] "GET /orders/5f02ddcfbf1532437004b2c5 HTTP/1.1" 200 - "http://localhost:3000/orders" "Mozilla/5.0 (Windows NT 10.0; Win64; x64; rv:78.0) Gecko/20100101 Firefox/78.0"
- - - [07/Jul/2020:05:39:57 +0000] "GET /favicon.ico HTTP/1.1" - - "-" "Mozilla/5.0 (Windows NT 10.0; Win64; x64; rv:78.0) Gecko/20100101 Firefox/78.0"
::1 - - [07/Jul/2020:05:42:59 +0000] "GET /orders/5f02ddcfbf1532437004b2c5 HTTP/1.1" 200 - "http://localhost:3000/orders" "Mozilla/5.0 (Windows NT 10.0; Win64; x64; rv:78.0) Gecko/20100101 Firefox/78.0"
::1 - - [07/Jul/2020:05:42:59 +0000] "GET /favicon.ico HTTP/1.1" - - "-" "Mozilla/5.0 (Windows NT 10.0; Win64; x64; rv:78.0) Gecko/20100101 Firefox/78.0"
- - - [07/Jul/2020:05:51:39 +0000] "GET /favicon.ico HTTP/1.1" - - "-" "Mozilla/5.0 (Windows NT 10.0; Win64; x64; rv:78.0) Gecko/20100101 Firefox/78.0"
::1 - - [07/Jul/2020:05:58:31 +0000] "GET /orders/5f02ddcfbf1532437004b2c5 HTTP/1.1" 200 - "http://localhost:3000/orders" "Mozilla/5.0 (Windows NT 10.0; Win64; x64; rv:78.0) Gecko/20100101 Firefox/78.0"
::1 - - [07/Jul/2020:06:06:30 +0000] "GET /orders/5f02ddcfbf1532437004b2c5 HTTP/1.1" 200 - "http://localhost:3000/orders" "Mozilla/5.0 (Windows NT 10.0; Win64; x64; rv:78.0) Gecko/20100101 Firefox/78.0"
::ffff:127.0.0.1 - - [07/Jul/2020:06:09:12 +0000] "GET /orders/5f02ddcfbf1532437004b2c5 HTTP/1.1" 200 - "http://localhost:3000/orders" "Mozilla/5.0 (Windows NT 10.0; Win64; x64; rv:78.0) Gecko/20100101 Firefox/78.0"
::ffff:127.0.0.1 - - [07/Jul/2020:06:09:26 +0000] "GET /products HTTP/1.1" 200 - "http://localhost:3000/orders" "Mozilla/5.0 (Windows NT 10.0; Win64; x64; rv:78.0) Gecko/20100101 Firefox/78.0"
::ffff:127.0.0.1 - - [07/Jul/2020:06:09:31 +0000] "POST /cart HTTP/1.1" 302 54 "http://localhost:3000/products" "Mozilla/5.0 (Windows NT 10.0; Win64; x64; rv:78.0) Gecko/20100101 Firefox/78.0"
::ffff:127.0.0.1 - - [07/Jul/2020:06:09:32 +0000] "GET /cart HTTP/1.1" 200 - "http://localhost:3000/products" "Mozilla/5.0 (Windows NT 10.0; Win64; x64; rv:78.0) Gecko/20100101 Firefox/78.0"
::ffff:127.0.0.1 - - [07/Jul/2020:06:09:36 +0000] "GET /products HTTP/1.1" 200 - "http://localhost:3000/cart" "Mozilla/5.0 (Windows NT 10.0; Win64; x64; rv:78.0) Gecko/20100101 Firefox/78.0"
::ffff:127.0.0.1 - - [07/Jul/2020:06:09:41 +0000] "POST /cart HTTP/1.1" 302 54 "http://localhost:3000/products" "Mozilla/5.0 (Windows NT 10.0; Win64; x64; rv:78.0) Gecko/20100101 Firefox/78.0"
::ffff:127.0.0.1 - - [07/Jul/2020:06:09:42 +0000] "GET /cart HTTP/1.1" 200 - "http://localhost:3000/products" "Mozilla/5.0 (Windows NT 10.0; Win64; x64; rv:78.0) Gecko/20100101 Firefox/78.0"
::ffff:127.0.0.1 - - [07/Jul/2020:06:09:45 +0000] "GET /products HTTP/1.1" 200 - "http://localhost:3000/cart" "Mozilla/5.0 (Windows NT 10.0; Win64; x64; rv:78.0) Gecko/20100101 Firefox/78.0"
::ffff:127.0.0.1 - - [07/Jul/2020:06:09:52 +0000] "GET /products?page=2 HTTP/1.1" 200 - "http://localhost:3000/products" "Mozilla/5.0 (Windows NT 10.0; Win64; x64; rv:78.0) Gecko/20100101 Firefox/78.0"
::ffff:127.0.0.1 - - [07/Jul/2020:06:09:56 +0000] "POST /cart HTTP/1.1" 302 54 "http://localhost:3000/products?page=2" "Mozilla/5.0 (Windows NT 10.0; Win64; x64; rv:78.0) Gecko/20100101 Firefox/78.0"
::ffff:127.0.0.1 - - [07/Jul/2020:06:10:03 +0000] "GET /cart HTTP/1.1" 200 - "http://localhost:3000/products?page=2" "Mozilla/5.0 (Windows NT 10.0; Win64; x64; rv:78.0) Gecko/20100101 Firefox/78.0"
::ffff:127.0.0.1 - - [07/Jul/2020:06:10:15 +0000] "GET /products HTTP/1.1" 200 - "http://localhost:3000/cart" "Mozilla/5.0 (Windows NT 10.0; Win64; x64; rv:78.0) Gecko/20100101 Firefox/78.0"
::ffff:127.0.0.1 - - [07/Jul/2020:06:10:19 +0000] "POST /cart HTTP/1.1" 302 54 "http://localhost:3000/products" "Mozilla/5.0 (Windows NT 10.0; Win64; x64; rv:78.0) Gecko/20100101 Firefox/78.0"
::ffff:127.0.0.1 - - [07/Jul/2020:06:10:20 +0000] "GET /cart HTTP/1.1" 200 - "http://localhost:3000/products" "Mozilla/5.0 (Windows NT 10.0; Win64; x64; rv:78.0) Gecko/20100101 Firefox/78.0"
::ffff:127.0.0.1 - - [07/Jul/2020:06:10:24 +0000] "POST /create-order HTTP/1.1" 302 58 "http://localhost:3000/cart" "Mozilla/5.0 (Windows NT 10.0; Win64; x64; rv:78.0) Gecko/20100101 Firefox/78.0"
::ffff:127.0.0.1 - - [07/Jul/2020:06:10:25 +0000] "GET /orders HTTP/1.1" 200 - "http://localhost:3000/cart" "Mozilla/5.0 (Windows NT 10.0; Win64; x64; rv:78.0) Gecko/20100101 Firefox/78.0"
::ffff:127.0.0.1 - - [07/Jul/2020:06:10:29 +0000] "GET /orders/5f0411d0fab6c53a0c0a9a8b HTTP/1.1" 200 - "http://localhost:3000/orders" "Mozilla/5.0 (Windows NT 10.0; Win64; x64; rv:78.0) Gecko/20100101 Firefox/78.0"
::ffff:127.0.0.1 - - [07/Jul/2020:06:13:12 +0000] "GET /orders/5f0411d0fab6c53a0c0a9a8b HTTP/1.1" 200 - "http://localhost:3000/orders" "Mozilla/5.0 (Windows NT 10.0; Win64; x64; rv:78.0) Gecko/20100101 Firefox/78.0"
::ffff:127.0.0.1 - - [07/Jul/2020:06:15:05 +0000] "GET /orders/5f0411d0fab6c53a0c0a9a8b HTTP/1.1" 200 - "http://localhost:3000/orders" "Mozilla/5.0 (Windows NT 10.0; Win64; x64; rv:78.0) Gecko/20100101 Firefox/78.0"
::ffff:127.0.0.1 - - [07/Jul/2020:06:20:59 +0000] "GET /orders/5f0411d0fab6c53a0c0a9a8b HTTP/1.1" 200 - "http://localhost:3000/orders" "Mozilla/5.0 (Windows NT 10.0; Win64; x64; rv:78.0) Gecko/20100101 Firefox/78.0"
::ffff:127.0.0.1 - - [07/Jul/2020:06:23:27 +0000] "GET /orders/5f0411d0fab6c53a0c0a9a8b HTTP/1.1" 200 - "http://localhost:3000/orders" "Mozilla/5.0 (Windows NT 10.0; Win64; x64; rv:78.0) Gecko/20100101 Firefox/78.0"
::ffff:127.0.0.1 - - [07/Jul/2020:06:28:46 +0000] "GET /orders/5f0411d0fab6c53a0c0a9a8b HTTP/1.1" 200 - "http://localhost:3000/orders" "Mozilla/5.0 (Windows NT 10.0; Win64; x64; rv:78.0) Gecko/20100101 Firefox/78.0"
::ffff:127.0.0.1 - - [07/Jul/2020:06:29:42 +0000] "GET /orders/5f0411d0fab6c53a0c0a9a8b HTTP/1.1" 200 - "http://localhost:3000/orders" "Mozilla/5.0 (Windows NT 10.0; Win64; x64; rv:78.0) Gecko/20100101 Firefox/78.0"
::ffff:127.0.0.1 - - [07/Jul/2020:06:30:19 +0000] "GET /orders/5f0411d0fab6c53a0c0a9a8b HTTP/1.1" 200 - "http://localhost:3000/orders" "Mozilla/5.0 (Windows NT 10.0; Win64; x64; rv:78.0) Gecko/20100101 Firefox/78.0"
::1 - - [07/Jul/2020:06:30:34 +0000] "GET /orders/5f0411d0fab6c53a0c0a9a8b HTTP/1.1" 200 - "http://localhost:3000/orders" "Mozilla/5.0 (Windows NT 10.0; Win64; x64; rv:78.0) Gecko/20100101 Firefox/78.0"
::1 - - [07/Jul/2020:06:33:42 +0000] "GET /orders/5f0411d0fab6c53a0c0a9a8b HTTP/1.1" 200 - "http://localhost:3000/orders" "Mozilla/5.0 (Windows NT 10.0; Win64; x64; rv:78.0) Gecko/20100101 Firefox/78.0"
::1 - - [07/Jul/2020:06:34:08 +0000] "GET /orders/5f0411d0fab6c53a0c0a9a8b HTTP/1.1" 200 - "http://localhost:3000/orders" "Mozilla/5.0 (Windows NT 10.0; Win64; x64; rv:78.0) Gecko/20100101 Firefox/78.0"
::1 - - [07/Jul/2020:06:34:28 +0000] "GET /orders/5f0411d0fab6c53a0c0a9a8b HTTP/1.1" 200 - "http://localhost:3000/orders" "Mozilla/5.0 (Windows NT 10.0; Win64; x64; rv:78.0) Gecko/20100101 Firefox/78.0"
::1 - - [07/Jul/2020:06:34:47 +0000] "GET /orders/5f0411d0fab6c53a0c0a9a8b HTTP/1.1" 200 - "http://localhost:3000/orders" "Mozilla/5.0 (Windows NT 10.0; Win64; x64; rv:78.0) Gecko/20100101 Firefox/78.0"
::ffff:127.0.0.1 - - [07/Jul/2020:06:36:05 +0000] "GET /orders/5f0411d0fab6c53a0c0a9a8b HTTP/1.1" 200 - "http://localhost:3000/orders" "Mozilla/5.0 (Windows NT 10.0; Win64; x64; rv:78.0) Gecko/20100101 Firefox/78.0"
::ffff:127.0.0.1 - - [07/Jul/2020:06:36:37 +0000] "GET /orders/5f0411d0fab6c53a0c0a9a8b HTTP/1.1" 200 - "http://localhost:3000/orders" "Mozilla/5.0 (Windows NT 10.0; Win64; x64; rv:78.0) Gecko/20100101 Firefox/78.0"
::1 - - [07/Jul/2020:06:45:57 +0000] "GET /orders/5f0411d0fab6c53a0c0a9a8b HTTP/1.1" 200 - "http://localhost:3000/orders" "Mozilla/5.0 (Windows NT 10.0; Win64; x64; rv:78.0) Gecko/20100101 Firefox/78.0"
::1 - - [07/Jul/2020:06:46:41 +0000] "GET /orders/5f0411d0fab6c53a0c0a9a8b HTTP/1.1" 200 - "http://localhost:3000/orders" "Mozilla/5.0 (Windows NT 10.0; Win64; x64; rv:78.0) Gecko/20100101 Firefox/78.0"
::1 - - [07/Jul/2020:06:47:39 +0000] "GET /orders/5f0411d0fab6c53a0c0a9a8b HTTP/1.1" 200 - "http://localhost:3000/orders" "Mozilla/5.0 (Windows NT 10.0; Win64; x64; rv:78.0) Gecko/20100101 Firefox/78.0"
::1 - - [07/Jul/2020:06:58:13 +0000] "GET /orders/5f0411d0fab6c53a0c0a9a8b HTTP/1.1" 200 - "http://localhost:3000/orders" "Mozilla/5.0 (Windows NT 10.0; Win64; x64; rv:78.0) Gecko/20100101 Firefox/78.0"
::1 - - [07/Jul/2020:06:58:58 +0000] "GET /orders/5f0411d0fab6c53a0c0a9a8b HTTP/1.1" 200 - "http://localhost:3000/orders" "Mozilla/5.0 (Windows NT 10.0; Win64; x64; rv:78.0) Gecko/20100101 Firefox/78.0"
::1 - - [07/Jul/2020:06:59:34 +0000] "GET /orders/5f02ddcfbf1532437004b2c5 HTTP/1.1" 200 - "http://localhost:3000/orders" "Mozilla/5.0 (Windows NT 10.0; Win64; x64; rv:78.0) Gecko/20100101 Firefox/78.0"
::1 - - [07/Jul/2020:06:59:50 +0000] "GET /admin/products HTTP/1.1" 200 - "http://localhost:3000/orders" "Mozilla/5.0 (Windows NT 10.0; Win64; x64; rv:78.0) Gecko/20100101 Firefox/78.0"
::1 - - [07/Jul/2020:06:59:53 +0000] "GET /admin/add-product HTTP/1.1" 200 - "http://localhost:3000/admin/products" "Mozilla/5.0 (Windows NT 10.0; Win64; x64; rv:78.0) Gecko/20100101 Firefox/78.0"
::1 - - [07/Jul/2020:07:00:16 +0000] "POST /admin/add-product HTTP/1.1" 302 74 "http://localhost:3000/admin/add-product" "Mozilla/5.0 (Windows NT 10.0; Win64; x64; rv:78.0) Gecko/20100101 Firefox/78.0"
::1 - - [07/Jul/2020:07:00:17 +0000] "GET /admin/products HTTP/1.1" 200 - "http://localhost:3000/admin/add-product" "Mozilla/5.0 (Windows NT 10.0; Win64; x64; rv:78.0) Gecko/20100101 Firefox/78.0"
::1 - - [07/Jul/2020:07:00:20 +0000] "GET /products HTTP/1.1" 200 - "http://localhost:3000/admin/products" "Mozilla/5.0 (Windows NT 10.0; Win64; x64; rv:78.0) Gecko/20100101 Firefox/78.0"
::1 - - [07/Jul/2020:07:00:24 +0000] "GET /products?page=2 HTTP/1.1" 200 - "http://localhost:3000/products" "Mozilla/5.0 (Windows NT 10.0; Win64; x64; rv:78.0) Gecko/20100101 Firefox/78.0"
::1 - - [07/Jul/2020:07:00:28 +0000] "POST /cart HTTP/1.1" 302 54 "http://localhost:3000/products?page=2" "Mozilla/5.0 (Windows NT 10.0; Win64; x64; rv:78.0) Gecko/20100101 Firefox/78.0"
::1 - - [07/Jul/2020:07:00:28 +0000] "GET /cart HTTP/1.1" 200 - "http://localhost:3000/products?page=2" "Mozilla/5.0 (Windows NT 10.0; Win64; x64; rv:78.0) Gecko/20100101 Firefox/78.0"
::1 - - [07/Jul/2020:07:00:32 +0000] "GET /products HTTP/1.1" 200 - "http://localhost:3000/cart" "Mozilla/5.0 (Windows NT 10.0; Win64; x64; rv:78.0) Gecko/20100101 Firefox/78.0"
::1 - - [07/Jul/2020:07:00:35 +0000] "POST /cart HTTP/1.1" 302 54 "http://localhost:3000/products" "Mozilla/5.0 (Windows NT 10.0; Win64; x64; rv:78.0) Gecko/20100101 Firefox/78.0"
::1 - - [07/Jul/2020:07:00:35 +0000] "GET /cart HTTP/1.1" 200 - "http://localhost:3000/products" "Mozilla/5.0 (Windows NT 10.0; Win64; x64; rv:78.0) Gecko/20100101 Firefox/78.0"
::1 - - [07/Jul/2020:07:00:39 +0000] "GET /products HTTP/1.1" 200 - "http://localhost:3000/cart" "Mozilla/5.0 (Windows NT 10.0; Win64; x64; rv:78.0) Gecko/20100101 Firefox/78.0"
::1 - - [07/Jul/2020:07:00:42 +0000] "GET /products?page=2 HTTP/1.1" 200 - "http://localhost:3000/products" "Mozilla/5.0 (Windows NT 10.0; Win64; x64; rv:78.0) Gecko/20100101 Firefox/78.0"
::1 - - [07/Jul/2020:07:00:45 +0000] "POST /cart HTTP/1.1" 302 54 "http://localhost:3000/products?page=2" "Mozilla/5.0 (Windows NT 10.0; Win64; x64; rv:78.0) Gecko/20100101 Firefox/78.0"
::1 - - [07/Jul/2020:07:00:45 +0000] "GET /cart HTTP/1.1" 200 - "http://localhost:3000/products?page=2" "Mozilla/5.0 (Windows NT 10.0; Win64; x64; rv:78.0) Gecko/20100101 Firefox/78.0"
::1 - - [07/Jul/2020:07:00:49 +0000] "POST /create-order HTTP/1.1" 302 58 "http://localhost:3000/cart" "Mozilla/5.0 (Windows NT 10.0; Win64; x64; rv:78.0) Gecko/20100101 Firefox/78.0"
::1 - - [07/Jul/2020:07:00:50 +0000] "GET /orders HTTP/1.1" 200 - "http://localhost:3000/cart" "Mozilla/5.0 (Windows NT 10.0; Win64; x64; rv:78.0) Gecko/20100101 Firefox/78.0"
::1 - - [07/Jul/2020:07:00:58 +0000] "GET /orders/5f041da120751c3ed49a5d5c HTTP/1.1" 200 - "http://localhost:3000/orders" "Mozilla/5.0 (Windows NT 10.0; Win64; x64; rv:78.0) Gecko/20100101 Firefox/78.0"
::1 - - [07/Jul/2020:07:02:27 +0000] "GET /orders/5f041da120751c3ed49a5d5c HTTP/1.1" 200 - "http://localhost:3000/orders" "Mozilla/5.0 (Windows NT 10.0; Win64; x64; rv:78.0) Gecko/20100101 Firefox/78.0"
::1 - - [07/Jul/2020:07:03:54 +0000] "GET /orders/5f041da120751c3ed49a5d5c HTTP/1.1" 200 - "http://localhost:3000/orders" "Mozilla/5.0 (Windows NT 10.0; Win64; x64; rv:78.0) Gecko/20100101 Firefox/78.0"
::1 - - [07/Jul/2020:07:05:01 +0000] "GET /orders/5f041da120751c3ed49a5d5c HTTP/1.1" 200 - "http://localhost:3000/orders" "Mozilla/5.0 (Windows NT 10.0; Win64; x64; rv:78.0) Gecko/20100101 Firefox/78.0"
::1 - - [07/Jul/2020:07:05:39 +0000] "GET /orders/5f041da120751c3ed49a5d5c HTTP/1.1" 200 - "http://localhost:3000/orders" "Mozilla/5.0 (Windows NT 10.0; Win64; x64; rv:78.0) Gecko/20100101 Firefox/78.0"
::1 - - [07/Jul/2020:07:05:51 +0000] "GET /orders/5f02ddcfbf1532437004b2c5 HTTP/1.1" 200 - "http://localhost:3000/orders" "Mozilla/5.0 (Windows NT 10.0; Win64; x64; rv:78.0) Gecko/20100101 Firefox/78.0"
::1 - - [07/Jul/2020:07:06:02 +0000] "GET /orders/5f0411d0fab6c53a0c0a9a8b HTTP/1.1" 200 - "http://localhost:3000/orders" "Mozilla/5.0 (Windows NT 10.0; Win64; x64; rv:78.0) Gecko/20100101 Firefox/78.0"
::1 - - [07/Jul/2020:07:06:12 +0000] "GET /orders/5f041da120751c3ed49a5d5c HTTP/1.1" 200 - "http://localhost:3000/orders" "Mozilla/5.0 (Windows NT 10.0; Win64; x64; rv:78.0) Gecko/20100101 Firefox/78.0"
::1 - - [07/Jul/2020:07:06:39 +0000] "GET /orders/5f041da120751c3ed49a5d5c HTTP/1.1" 200 - "http://localhost:3000/orders" "Mozilla/5.0 (Windows NT 10.0; Win64; x64; rv:78.0) Gecko/20100101 Firefox/78.0"
::1 - - [07/Jul/2020:07:07:17 +0000] "GET /orders/5f041da120751c3ed49a5d5c HTTP/1.1" 200 - "http://localhost:3000/orders" "Mozilla/5.0 (Windows NT 10.0; Win64; x64; rv:78.0) Gecko/20100101 Firefox/78.0"
::1 - - [07/Jul/2020:07:07:52 +0000] "GET /orders/5f041da120751c3ed49a5d5c HTTP/1.1" 200 - "http://localhost:3000/orders" "Mozilla/5.0 (Windows NT 10.0; Win64; x64; rv:78.0) Gecko/20100101 Firefox/78.0"
::1 - - [07/Jul/2020:07:08:28 +0000] "GET /orders/5f041da120751c3ed49a5d5c HTTP/1.1" 200 - "http://localhost:3000/orders" "Mozilla/5.0 (Windows NT 10.0; Win64; x64; rv:78.0) Gecko/20100101 Firefox/78.0"
::1 - - [07/Jul/2020:07:08:35 +0000] "GET /orders/5f0411d0fab6c53a0c0a9a8b HTTP/1.1" 200 - "http://localhost:3000/orders" "Mozilla/5.0 (Windows NT 10.0; Win64; x64; rv:78.0) Gecko/20100101 Firefox/78.0"
::1 - - [07/Jul/2020:07:09:04 +0000] "GET /orders/5f0411d0fab6c53a0c0a9a8b HTTP/1.1" 200 - "http://localhost:3000/orders" "Mozilla/5.0 (Windows NT 10.0; Win64; x64; rv:78.0) Gecko/20100101 Firefox/78.0"
::1 - - [07/Jul/2020:07:09:10 +0000] "GET /orders/5f041da120751c3ed49a5d5c HTTP/1.1" 200 - "http://localhost:3000/orders" "Mozilla/5.0 (Windows NT 10.0; Win64; x64; rv:78.0) Gecko/20100101 Firefox/78.0"
::1 - - [07/Jul/2020:07:09:46 +0000] "GET /orders HTTP/1.1" 200 - "http://localhost:3000/cart" "Mozilla/5.0 (Windows NT 10.0; Win64; x64; rv:78.0) Gecko/20100101 Firefox/78.0"
::1 - - [07/Jul/2020:07:09:49 +0000] "GET /orders/5f041da120751c3ed49a5d5c HTTP/1.1" 200 - "http://localhost:3000/orders" "Mozilla/5.0 (Windows NT 10.0; Win64; x64; rv:78.0) Gecko/20100101 Firefox/78.0"
::1 - - [07/Jul/2020:07:09:54 +0000] "GET /products HTTP/1.1" 200 - "http://localhost:3000/orders" "Mozilla/5.0 (Windows NT 10.0; Win64; x64; rv:78.0) Gecko/20100101 Firefox/78.0"
::1 - - [07/Jul/2020:07:09:55 +0000] "GET /cart HTTP/1.1" 200 - "http://localhost:3000/products" "Mozilla/5.0 (Windows NT 10.0; Win64; x64; rv:78.0) Gecko/20100101 Firefox/78.0"
::1 - - [07/Jul/2020:07:09:58 +0000] "GET / HTTP/1.1" 200 - "http://localhost:3000/cart" "Mozilla/5.0 (Windows NT 10.0; Win64; x64; rv:78.0) Gecko/20100101 Firefox/78.0"
::1 - - [07/Jul/2020:07:43:12 +0000] "GET / HTTP/1.1" 200 - "http://localhost:3000/cart" "Mozilla/5.0 (Windows NT 10.0; Win64; x64; rv:78.0) Gecko/20100101 Firefox/78.0"
::1 - - [07/Jul/2020:07:43:14 +0000] "GET /orders HTTP/1.1" 200 - "http://localhost:3000/" "Mozilla/5.0 (Windows NT 10.0; Win64; x64; rv:78.0) Gecko/20100101 Firefox/78.0"
::1 - - [07/Jul/2020:07:43:17 +0000] "GET /orders/5f041da120751c3ed49a5d5c HTTP/1.1" 200 - "http://localhost:3000/orders" "Mozilla/5.0 (Windows NT 10.0; Win64; x64; rv:78.0) Gecko/20100101 Firefox/78.0"
::1 - - [07/Jul/2020:07:43:18 +0000] "GET /favicon.ico HTTP/1.1" - - "-" "Mozilla/5.0 (Windows NT 10.0; Win64; x64; rv:78.0) Gecko/20100101 Firefox/78.0"
::1 - - [07/Jul/2020:07:44:23 +0000] "GET /orders/5f041da120751c3ed49a5d5c HTTP/1.1" 200 - "http://localhost:3000/orders" "Mozilla/5.0 (Windows NT 10.0; Win64; x64; rv:78.0) Gecko/20100101 Firefox/78.0"
::1 - - [07/Jul/2020:07:44:31 +0000] "GET /orders/5f0411d0fab6c53a0c0a9a8b HTTP/1.1" 200 - "http://localhost:3000/orders" "Mozilla/5.0 (Windows NT 10.0; Win64; x64; rv:78.0) Gecko/20100101 Firefox/78.0"
::1 - - [07/Jul/2020:07:44:39 +0000] "GET /orders/5f02ddcfbf1532437004b2c5 HTTP/1.1" 200 - "http://localhost:3000/orders" "Mozilla/5.0 (Windows NT 10.0; Win64; x64; rv:78.0) Gecko/20100101 Firefox/78.0"
::1 - - [07/Jul/2020:07:45:24 +0000] "GET /orders/5f041da120751c3ed49a5d5c HTTP/1.1" 200 - "http://localhost:3000/orders" "Mozilla/5.0 (Windows NT 10.0; Win64; x64; rv:78.0) Gecko/20100101 Firefox/78.0"
::1 - - [07/Jul/2020:07:56:32 +0000] "GET / HTTP/1.1" 200 - "http://localhost:3000/orders" "Mozilla/5.0 (Windows NT 10.0; Win64; x64; rv:78.0) Gecko/20100101 Firefox/78.0"
::1 - - [07/Jul/2020:07:56:55 +0000] "GET / HTTP/1.1" 200 - "-" "Mozilla/5.0 (Windows NT 10.0; Win64; x64) AppleWebKit/537.36 (KHTML, like Gecko) Chrome/83.0.4103.116 Safari/537.36"
::1 - - [07/Jul/2020:07:58:47 +0000] "GET /orders HTTP/1.1" 200 - "http://localhost:3000/" "Mozilla/5.0 (Windows NT 10.0; Win64; x64; rv:78.0) Gecko/20100101 Firefox/78.0"
::1 - - [07/Jul/2020:07:58:49 +0000] "GET /orders/5f02ddcfbf1532437004b2c5 HTTP/1.1" 200 - "http://localhost:3000/orders" "Mozilla/5.0 (Windows NT 10.0; Win64; x64; rv:78.0) Gecko/20100101 Firefox/78.0"
::1 - - [07/Jul/2020:07:58:49 +0000] "GET /favicon.ico HTTP/1.1" - - "-" "Mozilla/5.0 (Windows NT 10.0; Win64; x64; rv:78.0) Gecko/20100101 Firefox/78.0"
::1 - - [07/Jul/2020:08:00:32 +0000] "GET /orders/5f02ddcfbf1532437004b2c5 HTTP/1.1" 200 - "http://localhost:3000/orders" "Mozilla/5.0 (Windows NT 10.0; Win64; x64; rv:78.0) Gecko/20100101 Firefox/78.0"
::1 - - [07/Jul/2020:08:03:19 +0000] "GET /products HTTP/1.1" 200 - "http://localhost:3000/orders" "Mozilla/5.0 (Windows NT 10.0; Win64; x64; rv:78.0) Gecko/20100101 Firefox/78.0"
::1 - - [07/Jul/2020:08:06:44 +0000] "GET /products?page=2 HTTP/1.1" 200 - "http://localhost:3000/products" "Mozilla/5.0 (iPhone; CPU iPhone OS 12_0 like Mac OS X) AppleWebKit/604.1.38 (KHTML, like Gecko) Version/12.0 Mobile/15A372 Safari/604.1"
::1 - - [07/Jul/2020:08:06:56 +0000] "GET /products?page=2 HTTP/1.1" 200 - "http://localhost:3000/products?page=2" "Mozilla/5.0 (iPhone; CPU iPhone OS 12_0 like Mac OS X) AppleWebKit/604.1.38 (KHTML, like Gecko) Version/12.0 Mobile/15A372 Safari/604.1"
::1 - - [07/Jul/2020:08:06:59 +0000] "GET /products?page=1 HTTP/1.1" 200 - "http://localhost:3000/products?page=2" "Mozilla/5.0 (iPhone; CPU iPhone OS 12_0 like Mac OS X) AppleWebKit/604.1.38 (KHTML, like Gecko) Version/12.0 Mobile/15A372 Safari/604.1"
::1 - - [07/Jul/2020:08:11:48 +0000] "GET /products?page=1 HTTP/1.1" 200 - "http://localhost:3000/products?page=2" "Mozilla/5.0 (iPhone; CPU iPhone OS 12_0 like Mac OS X) AppleWebKit/604.1.38 (KHTML, like Gecko) Version/12.0 Mobile/15A372 Safari/604.1"
::1 - - [07/Jul/2020:08:14:07 +0000] "GET /products/5ea8f0f58fed18570434a1ff HTTP/1.1" 200 - "http://localhost:3000/products?page=1" "Mozilla/5.0 (Linux; Android 7.0; SM-G892A Build/NRD90M; wv) AppleWebKit/537.36 (KHTML, like Gecko) Version/4.0 Chrome/67.0.3396.87 Mobile Safari/537.36"
::1 - - [07/Jul/2020:08:20:47 +0000] "GET /products/5ea8f0f58fed18570434a1ff HTTP/1.1" 200 - "http://localhost:3000/products?page=1" "Mozilla/5.0 (Linux; Android 7.0; SM-G892A Build/NRD90M; wv) AppleWebKit/537.36 (KHTML, like Gecko) Version/4.0 Chrome/67.0.3396.87 Mobile Safari/537.36"
::1 - - [07/Jul/2020:08:22:45 +0000] "GET /products/5ea8f0f58fed18570434a1ff HTTP/1.1" 200 - "http://localhost:3000/products?page=1" "Mozilla/5.0 (Linux; Android 7.0; SM-G892A Build/NRD90M; wv) AppleWebKit/537.36 (KHTML, like Gecko) Version/4.0 Chrome/67.0.3396.87 Mobile Safari/537.36"
::1 - - [07/Jul/2020:08:24:29 +0000] "GET /products/5ea8f0f58fed18570434a1ff HTTP/1.1" 200 - "http://localhost:3000/products?page=1" "Mozilla/5.0 (Linux; Android 7.0; SM-G892A Build/NRD90M; wv) AppleWebKit/537.36 (KHTML, like Gecko) Version/4.0 Chrome/67.0.3396.87 Mobile Safari/537.36"
::1 - - [07/Jul/2020:08:24:55 +0000] "GET /products/5ea8f0f58fed18570434a1ff HTTP/1.1" 200 - "http://localhost:3000/products?page=1" "Mozilla/5.0 (Linux; Android 7.0; SM-G892A Build/NRD90M; wv) AppleWebKit/537.36 (KHTML, like Gecko) Version/4.0 Chrome/67.0.3396.87 Mobile Safari/537.36"
::1 - - [07/Jul/2020:08:34:30 +0000] "GET /products/5ea8f0f58fed18570434a1ff HTTP/1.1" 200 - "http://localhost:3000/products?page=1" "Mozilla/5.0 (Linux; Android 7.0; SM-G892A Build/NRD90M; wv) AppleWebKit/537.36 (KHTML, like Gecko) Version/4.0 Chrome/67.0.3396.87 Mobile Safari/537.36"
::1 - - [07/Jul/2020:08:36:47 +0000] "GET /products/5ea8f0f58fed18570434a1ff HTTP/1.1" 200 - "http://localhost:3000/products?page=1" "Mozilla/5.0 (Linux; Android 7.0; SM-G892A Build/NRD90M; wv) AppleWebKit/537.36 (KHTML, like Gecko) Version/4.0 Chrome/67.0.3396.87 Mobile Safari/537.36"
::1 - - [07/Jul/2020:08:37:13 +0000] "GET /products/5ea8f0f58fed18570434a1ff HTTP/1.1" 200 - "http://localhost:3000/products?page=1" "Mozilla/5.0 (Linux; Android 7.0; SM-G892A Build/NRD90M; wv) AppleWebKit/537.36 (KHTML, like Gecko) Version/4.0 Chrome/67.0.3396.87 Mobile Safari/537.36"
::1 - - [07/Jul/2020:08:37:47 +0000] "GET /products/5ea8f0f58fed18570434a1ff HTTP/1.1" 200 - "http://localhost:3000/products?page=1" "Mozilla/5.0 (Linux; Android 7.0; SM-G892A Build/NRD90M; wv) AppleWebKit/537.36 (KHTML, like Gecko) Version/4.0 Chrome/67.0.3396.87 Mobile Safari/537.36"
::1 - - [07/Jul/2020:08:38:08 +0000] "GET / HTTP/1.1" 200 - "http://localhost:3000/products/5ea8f0f58fed18570434a1ff" "Mozilla/5.0 (Linux; Android 7.0; SM-G892A Build/NRD90M; wv) AppleWebKit/537.36 (KHTML, like Gecko) Version/4.0 Chrome/67.0.3396.87 Mobile Safari/537.36"
::1 - - [07/Jul/2020:08:39:14 +0000] "GET / HTTP/1.1" 200 - "http://localhost:3000/products/5ea8f0f58fed18570434a1ff" "Mozilla/5.0 (Linux; Android 7.0; SM-G892A Build/NRD90M; wv) AppleWebKit/537.36 (KHTML, like Gecko) Version/4.0 Chrome/67.0.3396.87 Mobile Safari/537.36"
::1 - - [07/Jul/2020:08:39:16 +0000] "GET / HTTP/1.1" 200 - "http://localhost:3000/products/5ea8f0f58fed18570434a1ff" "Mozilla/5.0 (Linux; Android 7.0; SM-G892A Build/NRD90M; wv) AppleWebKit/537.36 (KHTML, like Gecko) Version/4.0 Chrome/67.0.3396.87 Mobile Safari/537.36"
::1 - - [07/Jul/2020:08:39:25 +0000] "GET /products HTTP/1.1" 200 - "http://localhost:3000/" "Mozilla/5.0 (Linux; Android 7.0; SM-G892A Build/NRD90M; wv) AppleWebKit/537.36 (KHTML, like Gecko) Version/4.0 Chrome/67.0.3396.87 Mobile Safari/537.36"
::1 - - [07/Jul/2020:08:40:15 +0000] "GET /products/5ea8f0f58fed18570434a1ff HTTP/1.1" 200 - "http://localhost:3000/products" "Mozilla/5.0 (Linux; Android 7.0; SM-G892A Build/NRD90M; wv) AppleWebKit/537.36 (KHTML, like Gecko) Version/4.0 Chrome/67.0.3396.87 Mobile Safari/537.36"
::1 - - [07/Jul/2020:08:40:22 +0000] "GET / HTTP/1.1" 200 - "http://localhost:3000/products/5ea8f0f58fed18570434a1ff" "Mozilla/5.0 (Linux; Android 7.0; SM-G892A Build/NRD90M; wv) AppleWebKit/537.36 (KHTML, like Gecko) Version/4.0 Chrome/67.0.3396.87 Mobile Safari/537.36"
::1 - - [07/Jul/2020:08:40:27 +0000] "GET /orders HTTP/1.1" 200 - "http://localhost:3000/" "Mozilla/5.0 (Linux; Android 7.0; SM-G892A Build/NRD90M; wv) AppleWebKit/537.36 (KHTML, like Gecko) Version/4.0 Chrome/67.0.3396.87 Mobile Safari/537.36"
::1 - - [07/Jul/2020:08:40:30 +0000] "GET /orders/5f0411d0fab6c53a0c0a9a8b HTTP/1.1" 200 - "http://localhost:3000/orders" "Mozilla/5.0 (Linux; Android 7.0; SM-G892A Build/NRD90M; wv) AppleWebKit/537.36 (KHTML, like Gecko) Version/4.0 Chrome/67.0.3396.87 Mobile Safari/537.36"
::1 - - [07/Jul/2020:08:40:30 +0000] "GET /favicon.ico HTTP/1.1" - - "-" "Mozilla/5.0 (Linux; Android 7.0; SM-G892A Build/NRD90M; wv) AppleWebKit/537.36 (KHTML, like Gecko) Version/4.0 Chrome/67.0.3396.87 Mobile Safari/537.36"
::1 - - [07/Jul/2020:08:41:10 +0000] "GET /orders/5f0411d0fab6c53a0c0a9a8b HTTP/1.1" 200 - "http://localhost:3000/orders" "Mozilla/5.0 (Linux; Android 7.0; SM-G892A Build/NRD90M; wv) AppleWebKit/537.36 (KHTML, like Gecko) Version/4.0 Chrome/67.0.3396.87 Mobile Safari/537.36"
::1 - - [07/Jul/2020:08:41:26 +0000] "GET /orders/5f0411d0fab6c53a0c0a9a8b HTTP/1.1" 200 - "http://localhost:3000/orders" "Mozilla/5.0 (Linux; Android 7.0; SM-G892A Build/NRD90M; wv) AppleWebKit/537.36 (KHTML, like Gecko) Version/4.0 Chrome/67.0.3396.87 Mobile Safari/537.36"
::1 - - [07/Jul/2020:08:41:47 +0000] "GET /orders/5f0411d0fab6c53a0c0a9a8b HTTP/1.1" 200 - "http://localhost:3000/orders" "Mozilla/5.0 (Linux; Android 7.0; SM-G892A Build/NRD90M; wv) AppleWebKit/537.36 (KHTML, like Gecko) Version/4.0 Chrome/67.0.3396.87 Mobile Safari/537.36"
::1 - - [07/Jul/2020:09:22:04 +0000] "GET / HTTP/1.1" 200 - "-" "Mozilla/5.0 (Linux; Android 7.0; SM-G892A Build/NRD90M; wv) AppleWebKit/537.36 (KHTML, like Gecko) Version/4.0 Chrome/67.0.3396.87 Mobile Safari/537.36"
::1 - - [07/Jul/2020:09:22:12 +0000] "POST /cart HTTP/1.1" 302 54 "http://localhost:3000/" "Mozilla/5.0 (Linux; Android 7.0; SM-G892A Build/NRD90M; wv) AppleWebKit/537.36 (KHTML, like Gecko) Version/4.0 Chrome/67.0.3396.87 Mobile Safari/537.36"
::1 - - [07/Jul/2020:09:22:12 +0000] "GET /cart HTTP/1.1" 200 - "http://localhost:3000/" "Mozilla/5.0 (Linux; Android 7.0; SM-G892A Build/NRD90M; wv) AppleWebKit/537.36 (KHTML, like Gecko) Version/4.0 Chrome/67.0.3396.87 Mobile Safari/537.36"
::1 - - [07/Jul/2020:09:22:14 +0000] "POST /create-order HTTP/1.1" 302 58 "http://localhost:3000/cart" "Mozilla/5.0 (Linux; Android 7.0; SM-G892A Build/NRD90M; wv) AppleWebKit/537.36 (KHTML, like Gecko) Version/4.0 Chrome/67.0.3396.87 Mobile Safari/537.36"
::1 - - [07/Jul/2020:09:22:14 +0000] "GET /orders HTTP/1.1" 200 - "http://localhost:3000/cart" "Mozilla/5.0 (Linux; Android 7.0; SM-G892A Build/NRD90M; wv) AppleWebKit/537.36 (KHTML, like Gecko) Version/4.0 Chrome/67.0.3396.87 Mobile Safari/537.36"
::1 - - [07/Jul/2020:09:22:24 +0000] "GET /orders/5f043ec6a085ae48dcf27215 HTTP/1.1" 200 - "http://localhost:3000/orders" "Mozilla/5.0 (Linux; Android 7.0; SM-G892A Build/NRD90M; wv) AppleWebKit/537.36 (KHTML, like Gecko) Version/4.0 Chrome/67.0.3396.87 Mobile Safari/537.36"
::1 - - [07/Jul/2020:09:34:28 +0000] "GET /products HTTP/1.1" 200 - "http://localhost:3000/orders" "Mozilla/5.0 (Windows NT 10.0; Win64; x64; rv:78.0) Gecko/20100101 Firefox/78.0"
::1 - - [07/Jul/2020:09:34:31 +0000] "POST /cart HTTP/1.1" 302 54 "http://localhost:3000/products" "Mozilla/5.0 (Windows NT 10.0; Win64; x64; rv:78.0) Gecko/20100101 Firefox/78.0"
::1 - - [07/Jul/2020:09:34:32 +0000] "GET /cart HTTP/1.1" 200 - "http://localhost:3000/products" "Mozilla/5.0 (Windows NT 10.0; Win64; x64; rv:78.0) Gecko/20100101 Firefox/78.0"
::1 - - [07/Jul/2020:09:34:35 +0000] "POST /create-order HTTP/1.1" 302 58 "http://localhost:3000/cart" "Mozilla/5.0 (Windows NT 10.0; Win64; x64; rv:78.0) Gecko/20100101 Firefox/78.0"
::1 - - [07/Jul/2020:09:34:35 +0000] "GET /orders HTTP/1.1" 200 - "http://localhost:3000/cart" "Mozilla/5.0 (Windows NT 10.0; Win64; x64; rv:78.0) Gecko/20100101 Firefox/78.0"
::1 - - [07/Jul/2020:09:34:38 +0000] "GET /orders/5f0441aba28f7d4960a2dd34 HTTP/1.1" 200 - "http://localhost:3000/orders" "Mozilla/5.0 (Windows NT 10.0; Win64; x64; rv:78.0) Gecko/20100101 Firefox/78.0"
::1 - - [07/Jul/2020:09:34:38 +0000] "GET /favicon.ico HTTP/1.1" - - "-" "Mozilla/5.0 (Windows NT 10.0; Win64; x64; rv:78.0) Gecko/20100101 Firefox/78.0"
::1 - - [07/Jul/2020:09:37:54 +0000] "GET /orders/5f0441aba28f7d4960a2dd34 HTTP/1.1" 200 - "http://localhost:3000/orders" "Mozilla/5.0 (Windows NT 10.0; Win64; x64; rv:78.0) Gecko/20100101 Firefox/78.0"
::1 - - [07/Jul/2020:09:38:39 +0000] "GET /orders/5f0441aba28f7d4960a2dd34 HTTP/1.1" 200 - "http://localhost:3000/orders" "Mozilla/5.0 (Windows NT 10.0; Win64; x64; rv:78.0) Gecko/20100101 Firefox/78.0"
::1 - - [07/Jul/2020:09:42:35 +0000] "GET /orders/5f0441aba28f7d4960a2dd34 HTTP/1.1" 200 - "http://localhost:3000/orders" "Mozilla/5.0 (Windows NT 10.0; Win64; x64; rv:78.0) Gecko/20100101 Firefox/78.0"
::1 - - [07/Jul/2020:15:44:49 +0000] "GET / HTTP/1.1" 200 - "-" "Mozilla/5.0 (Windows NT 10.0; Win64; x64; rv:78.0) Gecko/20100101 Firefox/78.0"
::1 - - [07/Jul/2020:15:49:51 +0000] "GET / HTTP/1.1" - - "-" "Mozilla/5.0 (Windows NT 10.0; Win64; x64; rv:78.0) Gecko/20100101 Firefox/78.0"
::1 - - [07/Jul/2020:15:50:14 +0000] "GET / HTTP/1.1" 200 - "-" "Mozilla/5.0 (Windows NT 10.0; Win64; x64; rv:78.0) Gecko/20100101 Firefox/78.0"
::1 - - [07/Jul/2020:15:52:29 +0000] "GET / HTTP/1.1" 304 - "-" "Mozilla/5.0 (Windows NT 10.0; Win64; x64; rv:78.0) Gecko/20100101 Firefox/78.0"
::1 - - [07/Jul/2020:15:56:43 +0000] "GET / HTTP/1.1" - - "-" "Mozilla/5.0 (Windows NT 10.0; Win64; x64; rv:78.0) Gecko/20100101 Firefox/78.0"
::1 - - [13/Jul/2020:05:51:08 +0000] "GET / HTTP/1.1" 200 - "-" "Mozilla/5.0 (Windows NT 10.0; Win64; x64; rv:78.0) Gecko/20100101 Firefox/78.0"
::1 - - [13/Jul/2020:05:51:29 +0000] "GET / HTTP/1.1" 200 - "-" "Mozilla/5.0 (Windows NT 10.0; Win64; x64) AppleWebKit/537.36 (KHTML, like Gecko) Chrome/83.0.4103.116 Safari/537.36"
::1 - - [13/Jul/2020:05:52:34 +0000] "GET / HTTP/1.1" 200 - "-" "Mozilla/5.0 (Windows NT 10.0; Win64; x64; rv:78.0) Gecko/20100101 Firefox/78.0"
::1 - - [13/Jul/2020:05:55:16 +0000] "GET / HTTP/1.1" 304 - "-" "Mozilla/5.0 (Windows NT 10.0; Win64; x64; rv:78.0) Gecko/20100101 Firefox/78.0"
::1 - - [13/Jul/2020:06:04:00 +0000] "GET / HTTP/1.1" 304 - "-" "Mozilla/5.0 (Windows NT 10.0; Win64; x64; rv:78.0) Gecko/20100101 Firefox/78.0"
::1 - - [13/Jul/2020:06:04:30 +0000] "GET /products HTTP/1.1" 200 - "http://localhost:3000/" "Mozilla/5.0 (Windows NT 10.0; Win64; x64; rv:78.0) Gecko/20100101 Firefox/78.0"
::1 - - [13/Jul/2020:06:05:17 +0000] "GET /products HTTP/1.1" 304 - "http://localhost:3000/" "Mozilla/5.0 (Windows NT 10.0; Win64; x64; rv:78.0) Gecko/20100101 Firefox/78.0"
::1 - - [13/Jul/2020:06:05:20 +0000] "GET / HTTP/1.1" 200 - "http://localhost:3000/products" "Mozilla/5.0 (Windows NT 10.0; Win64; x64; rv:78.0) Gecko/20100101 Firefox/78.0"
::1 - - [13/Jul/2020:06:05:44 +0000] "GET / HTTP/1.1" 200 - "http://localhost:3000/products" "Mozilla/5.0 (Windows NT 10.0; Win64; x64; rv:78.0) Gecko/20100101 Firefox/78.0"
::1 - - [13/Jul/2020:06:07:59 +0000] "GET / HTTP/1.1" 304 - "http://localhost:3000/products" "Mozilla/5.0 (Windows NT 10.0; Win64; x64; rv:78.0) Gecko/20100101 Firefox/78.0"
::1 - - [13/Jul/2020:06:08:06 +0000] "GET / HTTP/1.1" 304 - "http://localhost:3000/products" "Mozilla/5.0 (Windows NT 10.0; Win64; x64; rv:78.0) Gecko/20100101 Firefox/78.0"
::1 - - [13/Jul/2020:06:08:13 +0000] "GET /products HTTP/1.1" 200 - "http://localhost:3000/" "Mozilla/5.0 (Windows NT 10.0; Win64; x64; rv:78.0) Gecko/20100101 Firefox/78.0"
::1 - - [13/Jul/2020:06:08:50 +0000] "GET /products HTTP/1.1" 304 - "http://localhost:3000/" "Mozilla/5.0 (Windows NT 10.0; Win64; x64; rv:78.0) Gecko/20100101 Firefox/78.0"
::1 - - [13/Jul/2020:06:09:17 +0000] "GET /products HTTP/1.1" 302 52 "http://localhost:3000/" "Mozilla/5.0 (Windows NT 10.0; Win64; x64; rv:78.0) Gecko/20100101 Firefox/78.0"
::1 - - [13/Jul/2020:06:09:18 +0000] "GET /500 HTTP/1.1" 404 - "http://localhost:3000/" "Mozilla/5.0 (Windows NT 10.0; Win64; x64; rv:78.0) Gecko/20100101 Firefox/78.0"
::1 - - [13/Jul/2020:06:09:59 +0000] "GET /500 HTTP/1.1" 404 - "http://localhost:3000/" "Mozilla/5.0 (Windows NT 10.0; Win64; x64; rv:78.0) Gecko/20100101 Firefox/78.0"
::1 - - [13/Jul/2020:06:11:33 +0000] "GET / HTTP/1.1" 302 52 "http://localhost:3000/500" "Mozilla/5.0 (Windows NT 10.0; Win64; x64; rv:78.0) Gecko/20100101 Firefox/78.0"
::1 - - [13/Jul/2020:06:11:33 +0000] "GET /500 HTTP/1.1" 404 - "http://localhost:3000/500" "Mozilla/5.0 (Windows NT 10.0; Win64; x64; rv:78.0) Gecko/20100101 Firefox/78.0"
::1 - - [13/Jul/2020:06:11:35 +0000] "GET / HTTP/1.1" 302 52 "http://localhost:3000/500" "Mozilla/5.0 (Windows NT 10.0; Win64; x64; rv:78.0) Gecko/20100101 Firefox/78.0"
::1 - - [13/Jul/2020:06:11:35 +0000] "GET /500 HTTP/1.1" 404 - "http://localhost:3000/500" "Mozilla/5.0 (Windows NT 10.0; Win64; x64; rv:78.0) Gecko/20100101 Firefox/78.0"
::1 - - [13/Jul/2020:06:12:54 +0000] "GET / HTTP/1.1" 302 52 "http://localhost:3000/500" "Mozilla/5.0 (Windows NT 10.0; Win64; x64; rv:78.0) Gecko/20100101 Firefox/78.0"
::1 - - [13/Jul/2020:06:12:54 +0000] "GET /500 HTTP/1.1" 404 - "http://localhost:3000/500" "Mozilla/5.0 (Windows NT 10.0; Win64; x64; rv:78.0) Gecko/20100101 Firefox/78.0"
::1 - - [13/Jul/2020:06:14:02 +0000] "GET / HTTP/1.1" 302 52 "http://localhost:3000/500" "Mozilla/5.0 (Windows NT 10.0; Win64; x64; rv:78.0) Gecko/20100101 Firefox/78.0"
::1 - - [13/Jul/2020:06:14:02 +0000] "GET /500 HTTP/1.1" 404 - "http://localhost:3000/500" "Mozilla/5.0 (Windows NT 10.0; Win64; x64; rv:78.0) Gecko/20100101 Firefox/78.0"
::1 - - [13/Jul/2020:06:14:07 +0000] "GET / HTTP/1.1" 302 52 "-" "Mozilla/5.0 (Windows NT 10.0; Win64; x64; rv:78.0) Gecko/20100101 Firefox/78.0"
::1 - - [13/Jul/2020:06:14:08 +0000] "GET /500 HTTP/1.1" 404 - "-" "Mozilla/5.0 (Windows NT 10.0; Win64; x64; rv:78.0) Gecko/20100101 Firefox/78.0"
::1 - - [13/Jul/2020:06:14:29 +0000] "GET /products HTTP/1.1" 302 52 "-" "Mozilla/5.0 (Windows NT 10.0; Win64; x64; rv:78.0) Gecko/20100101 Firefox/78.0"
::1 - - [13/Jul/2020:06:14:29 +0000] "GET /500 HTTP/1.1" 404 - "-" "Mozilla/5.0 (Windows NT 10.0; Win64; x64; rv:78.0) Gecko/20100101 Firefox/78.0"
::ffff:127.0.0.1 - - [13/Jul/2020:06:14:56 +0000] "GET / HTTP/1.1" 302 52 "http://localhost:3000/500" "Mozilla/5.0 (Windows NT 10.0; Win64; x64; rv:78.0) Gecko/20100101 Firefox/78.0"
::ffff:127.0.0.1 - - [13/Jul/2020:06:14:56 +0000] "GET /500 HTTP/1.1" 404 - "http://localhost:3000/500" "Mozilla/5.0 (Windows NT 10.0; Win64; x64; rv:78.0) Gecko/20100101 Firefox/78.0"
::ffff:127.0.0.1 - - [13/Jul/2020:06:15:00 +0000] "GET /products HTTP/1.1" 302 52 "http://localhost:3000/500" "Mozilla/5.0 (Windows NT 10.0; Win64; x64; rv:78.0) Gecko/20100101 Firefox/78.0"
::ffff:127.0.0.1 - - [13/Jul/2020:06:15:00 +0000] "GET /500 HTTP/1.1" 404 - "http://localhost:3000/500" "Mozilla/5.0 (Windows NT 10.0; Win64; x64; rv:78.0) Gecko/20100101 Firefox/78.0"
::ffff:127.0.0.1 - - [13/Jul/2020:06:16:08 +0000] "GET / HTTP/1.1" 302 52 "http://localhost:3000/500" "Mozilla/5.0 (Windows NT 10.0; Win64; x64; rv:78.0) Gecko/20100101 Firefox/78.0"
::ffff:127.0.0.1 - - [13/Jul/2020:06:16:08 +0000] "GET /500 HTTP/1.1" 404 - "http://localhost:3000/500" "Mozilla/5.0 (Windows NT 10.0; Win64; x64; rv:78.0) Gecko/20100101 Firefox/78.0"
::ffff:127.0.0.1 - - [13/Jul/2020:06:16:12 +0000] "GET / HTTP/1.1" 302 52 "http://localhost:3000/500" "Mozilla/5.0 (Windows NT 10.0; Win64; x64; rv:78.0) Gecko/20100101 Firefox/78.0"
::ffff:127.0.0.1 - - [13/Jul/2020:06:16:12 +0000] "GET /500 HTTP/1.1" 404 - "http://localhost:3000/500" "Mozilla/5.0 (Windows NT 10.0; Win64; x64; rv:78.0) Gecko/20100101 Firefox/78.0"
::ffff:127.0.0.1 - - [13/Jul/2020:06:16:15 +0000] "GET /products HTTP/1.1" 302 52 "http://localhost:3000/500" "Mozilla/5.0 (Windows NT 10.0; Win64; x64; rv:78.0) Gecko/20100101 Firefox/78.0"
::ffff:127.0.0.1 - - [13/Jul/2020:06:16:16 +0000] "GET /500 HTTP/1.1" 404 - "http://localhost:3000/500" "Mozilla/5.0 (Windows NT 10.0; Win64; x64; rv:78.0) Gecko/20100101 Firefox/78.0"
::ffff:127.0.0.1 - - [13/Jul/2020:06:16:49 +0000] "GET / HTTP/1.1" 302 52 "-" "Mozilla/5.0 (Windows NT 10.0; Win64; x64; rv:78.0) Gecko/20100101 Firefox/78.0"
::ffff:127.0.0.1 - - [13/Jul/2020:06:16:49 +0000] "GET /500 HTTP/1.1" 404 - "-" "Mozilla/5.0 (Windows NT 10.0; Win64; x64; rv:78.0) Gecko/20100101 Firefox/78.0"
::ffff:127.0.0.1 - - [13/Jul/2020:06:17:13 +0000] "GET /500 HTTP/1.1" 404 142 "-" "Mozilla/5.0 (Windows NT 10.0; Win64; x64; rv:78.0) Gecko/20100101 Firefox/78.0"
::ffff:127.0.0.1 - - [13/Jul/2020:06:17:31 +0000] "GET / HTTP/1.1" 500 - "-" "Mozilla/5.0 (Windows NT 10.0; Win64; x64; rv:78.0) Gecko/20100101 Firefox/78.0"
::ffff:127.0.0.1 - - [13/Jul/2020:06:18:25 +0000] "GET / HTTP/1.1" 200 - "-" "Mozilla/5.0 (Windows NT 10.0; Win64; x64; rv:78.0) Gecko/20100101 Firefox/78.0"
::ffff:127.0.0.1 - - [13/Jul/2020:06:18:30 +0000] "GET /products HTTP/1.1" 302 52 "http://localhost:3000/" "Mozilla/5.0 (Windows NT 10.0; Win64; x64; rv:78.0) Gecko/20100101 Firefox/78.0"
::ffff:127.0.0.1 - - [13/Jul/2020:06:18:31 +0000] "GET /500 HTTP/1.1" 404 - "http://localhost:3000/" "Mozilla/5.0 (Windows NT 10.0; Win64; x64; rv:78.0) Gecko/20100101 Firefox/78.0"
::ffff:127.0.0.1 - - [13/Jul/2020:06:18:47 +0000] "GET /products HTTP/1.1" 200 - "http://localhost:3000/500" "Mozilla/5.0 (Windows NT 10.0; Win64; x64; rv:78.0) Gecko/20100101 Firefox/78.0"
::ffff:127.0.0.1 - - [13/Jul/2020:06:20:33 +0000] "GET /products HTTP/1.1" 200 - "http://localhost:3000/500" "Mozilla/5.0 (Linux; Android 7.0; SM-G892A Build/NRD90M; wv) AppleWebKit/537.36 (KHTML, like Gecko) Version/4.0 Chrome/67.0.3396.87 Mobile Safari/537.36"
::ffff:127.0.0.1 - - [13/Jul/2020:06:20:50 +0000] "GET /products HTTP/1.1" 200 - "http://localhost:3000/500" "Mozilla/5.0 (Linux; Android 7.0; SM-G892A Build/NRD90M; wv) AppleWebKit/537.36 (KHTML, like Gecko) Version/4.0 Chrome/67.0.3396.87 Mobile Safari/537.36"
::ffff:127.0.0.1 - - [13/Jul/2020:06:23:55 +0000] "GET /products HTTP/1.1" 200 - "http://localhost:3000/products" "Mozilla/5.0 (Windows NT 10.0; Win64; x64; rv:78.0) Gecko/20100101 Firefox/78.0"
::ffff:127.0.0.1 - - [13/Jul/2020:06:25:11 +0000] "GET /products HTTP/1.1" 200 - "http://localhost:3000/products" "Mozilla/5.0 (Windows NT 10.0; Win64; x64; rv:78.0) Gecko/20100101 Firefox/78.0"
::ffff:127.0.0.1 - - [13/Jul/2020:06:25:45 +0000] "GET /products HTTP/1.1" 304 - "http://localhost:3000/products" "Mozilla/5.0 (Windows NT 10.0; Win64; x64; rv:78.0) Gecko/20100101 Firefox/78.0"
::ffff:127.0.0.1 - - [13/Jul/2020:06:26:27 +0000] "GET /products HTTP/1.1" 304 - "http://localhost:3000/products" "Mozilla/5.0 (Windows NT 10.0; Win64; x64; rv:78.0) Gecko/20100101 Firefox/78.0"
::ffff:127.0.0.1 - - [13/Jul/2020:06:27:35 +0000] "GET /products HTTP/1.1" 304 - "http://localhost:3000/products" "Mozilla/5.0 (Windows NT 10.0; Win64; x64; rv:78.0) Gecko/20100101 Firefox/78.0"
::ffff:127.0.0.1 - - [13/Jul/2020:06:30:09 +0000] "GET /products HTTP/1.1" 304 - "http://localhost:3000/products" "Mozilla/5.0 (Windows NT 10.0; Win64; x64; rv:78.0) Gecko/20100101 Firefox/78.0"
::ffff:127.0.0.1 - - [13/Jul/2020:06:30:34 +0000] "GET /products HTTP/1.1" 304 - "http://localhost:3000/products" "Mozilla/5.0 (Windows NT 10.0; Win64; x64; rv:78.0) Gecko/20100101 Firefox/78.0"
::ffff:127.0.0.1 - - [13/Jul/2020:06:30:40 +0000] "GET / HTTP/1.1" 304 - "http://localhost:3000/products" "Mozilla/5.0 (Windows NT 10.0; Win64; x64; rv:78.0) Gecko/20100101 Firefox/78.0"
::ffff:127.0.0.1 - - [13/Jul/2020:06:30:43 +0000] "GET /products HTTP/1.1" 304 - "http://localhost:3000/" "Mozilla/5.0 (Windows NT 10.0; Win64; x64; rv:78.0) Gecko/20100101 Firefox/78.0"
::ffff:127.0.0.1 - - [13/Jul/2020:06:38:43 +0000] "GET /products HTTP/1.1" 200 - "http://localhost:3000/" "Mozilla/5.0 (Windows NT 10.0; Win64; x64; rv:78.0) Gecko/20100101 Firefox/78.0"
::ffff:127.0.0.1 - - [13/Jul/2020:06:39:53 +0000] "GET /products HTTP/1.1" 304 - "http://localhost:3000/" "Mozilla/5.0 (Windows NT 10.0; Win64; x64; rv:78.0) Gecko/20100101 Firefox/78.0"
::ffff:127.0.0.1 - - [13/Jul/2020:06:40:03 +0000] "GET /products HTTP/1.1" 304 - "http://localhost:3000/" "Mozilla/5.0 (Windows NT 10.0; Win64; x64; rv:78.0) Gecko/20100101 Firefox/78.0"
::ffff:127.0.0.1 - - [13/Jul/2020:06:40:18 +0000] "GET /products HTTP/1.1" 304 - "http://localhost:3000/" "Mozilla/5.0 (Windows NT 10.0; Win64; x64; rv:78.0) Gecko/20100101 Firefox/78.0"
::ffff:127.0.0.1 - - [13/Jul/2020:06:40:35 +0000] "GET /products HTTP/1.1" 304 - "http://localhost:3000/" "Mozilla/5.0 (Windows NT 10.0; Win64; x64; rv:78.0) Gecko/20100101 Firefox/78.0"
::ffff:127.0.0.1 - - [13/Jul/2020:06:40:45 +0000] "GET /products HTTP/1.1" 304 - "http://localhost:3000/" "Mozilla/5.0 (Windows NT 10.0; Win64; x64; rv:78.0) Gecko/20100101 Firefox/78.0"
::ffff:127.0.0.1 - - [13/Jul/2020:06:40:55 +0000] "GET /products HTTP/1.1" 304 - "http://localhost:3000/" "Mozilla/5.0 (Windows NT 10.0; Win64; x64; rv:78.0) Gecko/20100101 Firefox/78.0"
::ffff:127.0.0.1 - - [13/Jul/2020:06:41:01 +0000] "GET /products HTTP/1.1" 304 - "http://localhost:3000/" "Mozilla/5.0 (Windows NT 10.0; Win64; x64; rv:78.0) Gecko/20100101 Firefox/78.0"
::ffff:127.0.0.1 - - [13/Jul/2020:06:41:38 +0000] "GET /products HTTP/1.1" 304 - "http://localhost:3000/" "Mozilla/5.0 (Windows NT 10.0; Win64; x64; rv:78.0) Gecko/20100101 Firefox/78.0"
::ffff:127.0.0.1 - - [13/Jul/2020:06:41:40 +0000] "GET / HTTP/1.1" 200 - "http://localhost:3000/products" "Mozilla/5.0 (Windows NT 10.0; Win64; x64; rv:78.0) Gecko/20100101 Firefox/78.0"
::ffff:127.0.0.1 - - [13/Jul/2020:06:42:02 +0000] "GET / HTTP/1.1" 200 - "http://localhost:3000/products" "Mozilla/5.0 (Windows NT 10.0; Win64; x64; rv:78.0) Gecko/20100101 Firefox/78.0"
::ffff:127.0.0.1 - - [13/Jul/2020:06:42:11 +0000] "GET /products/5eba69a8a76494444c6d9b4c HTTP/1.1" 200 - "http://localhost:3000/" "Mozilla/5.0 (Windows NT 10.0; Win64; x64; rv:78.0) Gecko/20100101 Firefox/78.0"
::ffff:127.0.0.1 - - [13/Jul/2020:06:44:14 +0000] "GET /products/5eba69a8a76494444c6d9b4c HTTP/1.1" 200 - "http://localhost:3000/" "Mozilla/5.0 (Windows NT 10.0; Win64; x64; rv:78.0) Gecko/20100101 Firefox/78.0"
::ffff:127.0.0.1 - - [13/Jul/2020:06:45:51 +0000] "GET /products/5eba69a8a76494444c6d9b4c HTTP/1.1" 304 - "http://localhost:3000/" "Mozilla/5.0 (Windows NT 10.0; Win64; x64; rv:78.0) Gecko/20100101 Firefox/78.0"
::ffff:127.0.0.1 - - [13/Jul/2020:06:46:19 +0000] "GET /products/5eba69a8a76494444c6d9b4c HTTP/1.1" 304 - "http://localhost:3000/" "Mozilla/5.0 (Windows NT 10.0; Win64; x64; rv:78.0) Gecko/20100101 Firefox/78.0"
::ffff:127.0.0.1 - - [13/Jul/2020:06:46:45 +0000] "GET /products/5eba69a8a76494444c6d9b4c HTTP/1.1" 304 - "http://localhost:3000/" "Mozilla/5.0 (Windows NT 10.0; Win64; x64; rv:78.0) Gecko/20100101 Firefox/78.0"
::ffff:127.0.0.1 - - [13/Jul/2020:06:47:43 +0000] "GET /products/5eba69a8a76494444c6d9b4c HTTP/1.1" 200 - "http://localhost:3000/" "Mozilla/5.0 (Windows NT 10.0; Win64; x64; rv:78.0) Gecko/20100101 Firefox/78.0"
::1 - - [13/Jul/2020:06:50:38 +0000] "GET /products/5eba69a8a76494444c6d9b4c HTTP/1.1" 200 - "http://localhost:3000/" "Mozilla/5.0 (Windows NT 10.0; Win64; x64; rv:78.0) Gecko/20100101 Firefox/78.0"
::1 - - [13/Jul/2020:06:51:31 +0000] "GET /products/5eba69a8a76494444c6d9b4c HTTP/1.1" 200 - "http://localhost:3000/" "Mozilla/5.0 (Windows NT 10.0; Win64; x64; rv:78.0) Gecko/20100101 Firefox/78.0"
::1 - - [13/Jul/2020:07:25:46 +0000] "GET /products/5eba69a8a76494444c6d9b4c HTTP/1.1" 304 - "http://localhost:3000/" "Mozilla/5.0 (Windows NT 10.0; Win64; x64; rv:78.0) Gecko/20100101 Firefox/78.0"
::1 - - [13/Jul/2020:07:26:32 +0000] "GET /products/5eba69a8a76494444c6d9b4c HTTP/1.1" 304 - "http://localhost:3000/" "Mozilla/5.0 (Windows NT 10.0; Win64; x64; rv:78.0) Gecko/20100101 Firefox/78.0"
::1 - - [13/Jul/2020:07:27:00 +0000] "GET /products/5eba69a8a76494444c6d9b4c HTTP/1.1" 200 - "http://localhost:3000/" "Mozilla/5.0 (Windows NT 10.0; Win64; x64; rv:78.0) Gecko/20100101 Firefox/78.0"
::1 - - [13/Jul/2020:07:27:35 +0000] "GET /products/5eba69a8a76494444c6d9b4c HTTP/1.1" 304 - "http://localhost:3000/" "Mozilla/5.0 (Windows NT 10.0; Win64; x64; rv:78.0) Gecko/20100101 Firefox/78.0"
::1 - - [13/Jul/2020:07:28:38 +0000] "GET /products/5eba69a8a76494444c6d9b4c HTTP/1.1" 304 - "http://localhost:3000/" "Mozilla/5.0 (Windows NT 10.0; Win64; x64; rv:78.0) Gecko/20100101 Firefox/78.0"
::1 - - [13/Jul/2020:07:29:32 +0000] "GET /products/5eba69a8a76494444c6d9b4c HTTP/1.1" 304 - "http://localhost:3000/" "Mozilla/5.0 (Windows NT 10.0; Win64; x64; rv:78.0) Gecko/20100101 Firefox/78.0"
::1 - - [13/Jul/2020:07:29:54 +0000] "GET /products/5eba69a8a76494444c6d9b4c HTTP/1.1" 304 - "http://localhost:3000/" "Mozilla/5.0 (Windows NT 10.0; Win64; x64; rv:78.0) Gecko/20100101 Firefox/78.0"
::1 - - [13/Jul/2020:07:30:05 +0000] "GET /products/5eba69a8a76494444c6d9b4c HTTP/1.1" 304 - "http://localhost:3000/" "Mozilla/5.0 (Windows NT 10.0; Win64; x64; rv:78.0) Gecko/20100101 Firefox/78.0"
::1 - - [13/Jul/2020:07:30:19 +0000] "GET /products/5eba69a8a76494444c6d9b4c HTTP/1.1" 304 - "http://localhost:3000/" "Mozilla/5.0 (Windows NT 10.0; Win64; x64; rv:78.0) Gecko/20100101 Firefox/78.0"
::1 - - [13/Jul/2020:07:30:39 +0000] "GET /products/5eba69a8a76494444c6d9b4c HTTP/1.1" 304 - "http://localhost:3000/" "Mozilla/5.0 (Windows NT 10.0; Win64; x64; rv:78.0) Gecko/20100101 Firefox/78.0"
::1 - - [13/Jul/2020:07:31:12 +0000] "GET /products/5eba69a8a76494444c6d9b4c HTTP/1.1" 200 - "http://localhost:3000/" "Mozilla/5.0 (Windows NT 10.0; Win64; x64; rv:78.0) Gecko/20100101 Firefox/78.0"
::1 - - [13/Jul/2020:07:31:14 +0000] "GET /products/5eba69a8a76494444c6d9b4c HTTP/1.1" 304 - "http://localhost:3000/" "Mozilla/5.0 (Windows NT 10.0; Win64; x64; rv:78.0) Gecko/20100101 Firefox/78.0"
::1 - - [13/Jul/2020:07:31:48 +0000] "GET /products/5eba69a8a76494444c6d9b4c HTTP/1.1" 304 - "http://localhost:3000/" "Mozilla/5.0 (Linux; Android 7.0; SM-G892A Build/NRD90M; wv) AppleWebKit/537.36 (KHTML, like Gecko) Version/4.0 Chrome/67.0.3396.87 Mobile Safari/537.36"
::1 - - [13/Jul/2020:07:32:06 +0000] "GET /products/5eba69a8a76494444c6d9b4c HTTP/1.1" 304 - "http://localhost:3000/" "Mozilla/5.0 (Linux; Android 7.0; SM-G892A Build/NRD90M; wv) AppleWebKit/537.36 (KHTML, like Gecko) Version/4.0 Chrome/67.0.3396.87 Mobile Safari/537.36"
::1 - - [13/Jul/2020:07:32:25 +0000] "GET /products/5eba69a8a76494444c6d9b4c HTTP/1.1" 304 - "http://localhost:3000/" "Mozilla/5.0 (Linux; Android 7.0; SM-G892A Build/NRD90M; wv) AppleWebKit/537.36 (KHTML, like Gecko) Version/4.0 Chrome/67.0.3396.87 Mobile Safari/537.36"
::1 - - [13/Jul/2020:07:33:45 +0000] "GET /products/5eba69a8a76494444c6d9b4c HTTP/1.1" 200 - "http://localhost:3000/" "Mozilla/5.0 (Linux; Android 7.0; SM-G892A Build/NRD90M; wv) AppleWebKit/537.36 (KHTML, like Gecko) Version/4.0 Chrome/67.0.3396.87 Mobile Safari/537.36"
::1 - - [13/Jul/2020:07:34:04 +0000] "GET /products/5eba69a8a76494444c6d9b4c HTTP/1.1" 200 - "http://localhost:3000/" "Mozilla/5.0 (Linux; Android 7.0; SM-G892A Build/NRD90M; wv) AppleWebKit/537.36 (KHTML, like Gecko) Version/4.0 Chrome/67.0.3396.87 Mobile Safari/537.36"
::1 - - [13/Jul/2020:07:34:06 +0000] "GET /products/5eba69a8a76494444c6d9b4c HTTP/1.1" 304 - "http://localhost:3000/" "Mozilla/5.0 (Linux; Android 7.0; SM-G892A Build/NRD90M; wv) AppleWebKit/537.36 (KHTML, like Gecko) Version/4.0 Chrome/67.0.3396.87 Mobile Safari/537.36"
::1 - - [13/Jul/2020:07:34:15 +0000] "GET /products/5eba69a8a76494444c6d9b4c HTTP/1.1" 200 - "http://localhost:3000/" "Mozilla/5.0 (Linux; Android 7.0; SM-G892A Build/NRD90M; wv) AppleWebKit/537.36 (KHTML, like Gecko) Version/4.0 Chrome/67.0.3396.87 Mobile Safari/537.36"
::1 - - [13/Jul/2020:07:34:31 +0000] "GET /products/5eba69a8a76494444c6d9b4c HTTP/1.1" 304 - "http://localhost:3000/" "Mozilla/5.0 (Linux; Android 7.0; SM-G892A Build/NRD90M; wv) AppleWebKit/537.36 (KHTML, like Gecko) Version/4.0 Chrome/67.0.3396.87 Mobile Safari/537.36"
::1 - - [13/Jul/2020:07:34:43 +0000] "GET /products/5eba69a8a76494444c6d9b4c HTTP/1.1" 200 - "http://localhost:3000/" "Mozilla/5.0 (Linux; Android 7.0; SM-G892A Build/NRD90M; wv) AppleWebKit/537.36 (KHTML, like Gecko) Version/4.0 Chrome/67.0.3396.87 Mobile Safari/537.36"
::1 - - [13/Jul/2020:07:35:05 +0000] "GET /products/5eba69a8a76494444c6d9b4c HTTP/1.1" 304 - "http://localhost:3000/" "Mozilla/5.0 (Windows NT 10.0; Win64; x64; rv:78.0) Gecko/20100101 Firefox/78.0"
::1 - - [13/Jul/2020:07:35:27 +0000] "GET /products/5eba69a8a76494444c6d9b4c HTTP/1.1" 304 - "http://localhost:3000/" "Mozilla/5.0 (Windows NT 10.0; Win64; x64; rv:78.0) Gecko/20100101 Firefox/78.0"
::1 - - [13/Jul/2020:07:35:56 +0000] "GET /products/5eba69a8a76494444c6d9b4c HTTP/1.1" 304 - "http://localhost:3000/" "Mozilla/5.0 (Windows NT 10.0; Win64; x64; rv:78.0) Gecko/20100101 Firefox/78.0"
::1 - - [13/Jul/2020:07:36:15 +0000] "GET /products/5eba69a8a76494444c6d9b4c HTTP/1.1" 304 - "http://localhost:3000/" "Mozilla/5.0 (Windows NT 10.0; Win64; x64; rv:78.0) Gecko/20100101 Firefox/78.0"
::1 - - [13/Jul/2020:07:36:45 +0000] "GET /products/5eba69a8a76494444c6d9b4c HTTP/1.1" 304 - "http://localhost:3000/" "Mozilla/5.0 (Windows NT 10.0; Win64; x64; rv:78.0) Gecko/20100101 Firefox/78.0"
::1 - - [13/Jul/2020:07:37:14 +0000] "GET /products/5eba69a8a76494444c6d9b4c HTTP/1.1" 304 - "http://localhost:3000/" "Mozilla/5.0 (Windows NT 10.0; Win64; x64; rv:78.0) Gecko/20100101 Firefox/78.0"
::1 - - [13/Jul/2020:07:37:56 +0000] "GET /products/5eba69a8a76494444c6d9b4c HTTP/1.1" 304 - "http://localhost:3000/" "Mozilla/5.0 (Windows NT 10.0; Win64; x64; rv:78.0) Gecko/20100101 Firefox/78.0"
::1 - - [13/Jul/2020:07:38:31 +0000] "GET /products/5eba69a8a76494444c6d9b4c HTTP/1.1" 304 - "http://localhost:3000/" "Mozilla/5.0 (Windows NT 10.0; Win64; x64; rv:78.0) Gecko/20100101 Firefox/78.0"
::1 - - [13/Jul/2020:07:39:00 +0000] "GET /products/5eba69a8a76494444c6d9b4c HTTP/1.1" 200 - "http://localhost:3000/" "Mozilla/5.0 (Windows NT 10.0; Win64; x64; rv:78.0) Gecko/20100101 Firefox/78.0"
::1 - - [13/Jul/2020:07:39:14 +0000] "GET /products/5eba69a8a76494444c6d9b4c HTTP/1.1" 304 - "http://localhost:3000/" "Mozilla/5.0 (Windows NT 10.0; Win64; x64; rv:78.0) Gecko/20100101 Firefox/78.0"
::1 - - [13/Jul/2020:07:39:58 +0000] "GET /products/5eba69a8a76494444c6d9b4c HTTP/1.1" 304 - "http://localhost:3000/" "Mozilla/5.0 (Linux; Android 7.0; SM-G892A Build/NRD90M; wv) AppleWebKit/537.36 (KHTML, like Gecko) Version/4.0 Chrome/67.0.3396.87 Mobile Safari/537.36"
::1 - - [13/Jul/2020:07:40:00 +0000] "GET /products/5eba69a8a76494444c6d9b4c HTTP/1.1" 304 - "http://localhost:3000/" "Mozilla/5.0 (Linux; Android 7.0; SM-G892A Build/NRD90M; wv) AppleWebKit/537.36 (KHTML, like Gecko) Version/4.0 Chrome/67.0.3396.87 Mobile Safari/537.36"
::1 - - [13/Jul/2020:07:41:27 +0000] "GET /products/5eba69a8a76494444c6d9b4c HTTP/1.1" 304 - "http://localhost:3000/" "Mozilla/5.0 (Linux; Android 7.0; SM-G892A Build/NRD90M; wv) AppleWebKit/537.36 (KHTML, like Gecko) Version/4.0 Chrome/67.0.3396.87 Mobile Safari/537.36"
::1 - - [13/Jul/2020:07:41:37 +0000] "GET /products/5eba69a8a76494444c6d9b4c HTTP/1.1" 304 - "http://localhost:3000/" "Mozilla/5.0 (Linux; Android 7.0; SM-G892A Build/NRD90M; wv) AppleWebKit/537.36 (KHTML, like Gecko) Version/4.0 Chrome/67.0.3396.87 Mobile Safari/537.36"
::1 - - [13/Jul/2020:07:42:22 +0000] "GET /products/5eba69a8a76494444c6d9b4c HTTP/1.1" 304 - "http://localhost:3000/" "Mozilla/5.0 (Linux; Android 7.0; SM-G892A Build/NRD90M; wv) AppleWebKit/537.36 (KHTML, like Gecko) Version/4.0 Chrome/67.0.3396.87 Mobile Safari/537.36"
::1 - - [13/Jul/2020:07:42:44 +0000] "GET /products/5eba69a8a76494444c6d9b4c HTTP/1.1" 304 - "http://localhost:3000/" "Mozilla/5.0 (Windows NT 10.0; Win64; x64; rv:78.0) Gecko/20100101 Firefox/78.0"
::1 - - [13/Jul/2020:07:42:57 +0000] "GET /products/5eba69a8a76494444c6d9b4c HTTP/1.1" 304 - "http://localhost:3000/" "Mozilla/5.0 (Windows NT 10.0; Win64; x64; rv:78.0) Gecko/20100101 Firefox/78.0"
::1 - - [13/Jul/2020:07:43:18 +0000] "GET / HTTP/1.1" 200 - "-" "Mozilla/5.0 (Windows NT 10.0; Win64; x64) AppleWebKit/537.36 (KHTML, like Gecko) Chrome/83.0.4103.116 Safari/537.36"
::1 - - [13/Jul/2020:07:43:25 +0000] "GET /products/5eba69a8a76494444c6d9b4c HTTP/1.1" 200 - "http://localhost:3000/" "Mozilla/5.0 (Windows NT 10.0; Win64; x64) AppleWebKit/537.36 (KHTML, like Gecko) Chrome/83.0.4103.116 Safari/537.36"
::1 - - [13/Jul/2020:07:44:17 +0000] "GET /products/5eba69a8a76494444c6d9b4c HTTP/1.1" 304 - "http://localhost:3000/" "Mozilla/5.0 (Windows NT 10.0; Win64; x64; rv:78.0) Gecko/20100101 Firefox/78.0"
::1 - - [13/Jul/2020:07:44:39 +0000] "GET /products/5eba69a8a76494444c6d9b4c HTTP/1.1" 304 - "http://localhost:3000/" "Mozilla/5.0 (Windows NT 10.0; Win64; x64) AppleWebKit/537.36 (KHTML, like Gecko) Chrome/83.0.4103.116 Safari/537.36"
::1 - - [13/Jul/2020:07:44:43 +0000] "GET /products HTTP/1.1" 200 - "http://localhost:3000/products/5eba69a8a76494444c6d9b4c" "Mozilla/5.0 (Windows NT 10.0; Win64; x64) AppleWebKit/537.36 (KHTML, like Gecko) Chrome/83.0.4103.116 Safari/537.36"
::1 - - [13/Jul/2020:07:44:52 +0000] "GET /products HTTP/1.1" 304 - "http://localhost:3000/products/5eba69a8a76494444c6d9b4c" "Mozilla/5.0 (Windows NT 10.0; Win64; x64; rv:78.0) Gecko/20100101 Firefox/78.0"
::1 - - [13/Jul/2020:07:45:03 +0000] "GET /products HTTP/1.1" 304 - "http://localhost:3000/products/5eba69a8a76494444c6d9b4c" "Mozilla/5.0 (Windows NT 10.0; Win64; x64; rv:78.0) Gecko/20100101 Firefox/78.0"
::1 - - [13/Jul/2020:07:46:28 +0000] "GET /products HTTP/1.1" 304 - "http://localhost:3000/products/5eba69a8a76494444c6d9b4c" "Mozilla/5.0 (Windows NT 10.0; Win64; x64; rv:78.0) Gecko/20100101 Firefox/78.0"
::1 - - [13/Jul/2020:07:46:37 +0000] "GET /products/5ee100564ef0e56a28bf1d9b HTTP/1.1" 200 - "http://localhost:3000/products" "Mozilla/5.0 (Windows NT 10.0; Win64; x64; rv:78.0) Gecko/20100101 Firefox/78.0"
::1 - - [13/Jul/2020:07:46:42 +0000] "GET /products HTTP/1.1" 304 - "http://localhost:3000/products/5eba69a8a76494444c6d9b4c" "Mozilla/5.0 (Windows NT 10.0; Win64; x64) AppleWebKit/537.36 (KHTML, like Gecko) Chrome/83.0.4103.116 Safari/537.36"
::1 - - [13/Jul/2020:07:46:45 +0000] "GET /products/5eba69a8a76494444c6d9b4c HTTP/1.1" 200 - "http://localhost:3000/products" "Mozilla/5.0 (Windows NT 10.0; Win64; x64) AppleWebKit/537.36 (KHTML, like Gecko) Chrome/83.0.4103.116 Safari/537.36"
::1 - - [13/Jul/2020:07:58:24 +0000] "GET /products/5ee100564ef0e56a28bf1d9b HTTP/1.1" 304 - "http://localhost:3000/products" "Mozilla/5.0 (Windows NT 10.0; Win64; x64; rv:78.0) Gecko/20100101 Firefox/78.0"
::1 - - [13/Jul/2020:07:58:38 +0000] "GET /products/5ee100564ef0e56a28bf1d9b HTTP/1.1" 304 - "http://localhost:3000/products" "Mozilla/5.0 (Windows NT 10.0; Win64; x64; rv:78.0) Gecko/20100101 Firefox/78.0"
::1 - - [13/Jul/2020:07:58:41 +0000] "GET /products/5ee100564ef0e56a28bf1d9b HTTP/1.1" 304 - "http://localhost:3000/products" "Mozilla/5.0 (Windows NT 10.0; Win64; x64; rv:78.0) Gecko/20100101 Firefox/78.0"
::1 - - [13/Jul/2020:07:58:53 +0000] "GET /products/5ee100564ef0e56a28bf1d9b HTTP/1.1" 304 - "http://localhost:3000/products" "Mozilla/5.0 (Windows NT 10.0; Win64; x64; rv:78.0) Gecko/20100101 Firefox/78.0"
::1 - - [13/Jul/2020:07:59:38 +0000] "GET /products/5ee100564ef0e56a28bf1d9b HTTP/1.1" 304 - "http://localhost:3000/products" "Mozilla/5.0 (Windows NT 10.0; Win64; x64; rv:78.0) Gecko/20100101 Firefox/78.0"
::1 - - [13/Jul/2020:08:00:17 +0000] "GET /products/5eba69a8a76494444c6d9b4c HTTP/1.1" 304 - "http://localhost:3000/products" "Mozilla/5.0 (Windows NT 10.0; Win64; x64) AppleWebKit/537.36 (KHTML, like Gecko) Chrome/83.0.4103.116 Safari/537.36"
::1 - - [13/Jul/2020:08:03:53 +0000] "GET /products/5eba69a8a76494444c6d9b4c HTTP/1.1" 200 - "http://localhost:3000/products" "Mozilla/5.0 (Windows NT 10.0; Win64; x64) AppleWebKit/537.36 (KHTML, like Gecko) Chrome/83.0.4103.116 Safari/537.36"
::1 - - [13/Jul/2020:08:04:47 +0000] "POST /cart HTTP/1.1" - - "http://localhost:3000/products/5eba69a8a76494444c6d9b4c" "Mozilla/5.0 (Windows NT 10.0; Win64; x64) AppleWebKit/537.36 (KHTML, like Gecko) Chrome/83.0.4103.116 Safari/537.36"
::1 - - [13/Jul/2020:08:04:48 +0000] "GET /login HTTP/1.1" 200 - "http://localhost:3000/products/5eba69a8a76494444c6d9b4c" "Mozilla/5.0 (Windows NT 10.0; Win64; x64) AppleWebKit/537.36 (KHTML, like Gecko) Chrome/83.0.4103.116 Safari/537.36"
::1 - - [13/Jul/2020:08:05:01 +0000] "POST /login HTTP/1.1" 302 56 "http://localhost:3000/login" "Mozilla/5.0 (Windows NT 10.0; Win64; x64) AppleWebKit/537.36 (KHTML, like Gecko) Chrome/83.0.4103.116 Safari/537.36"
::1 - - [13/Jul/2020:08:05:01 +0000] "GET /login HTTP/1.1" 200 - "http://localhost:3000/login" "Mozilla/5.0 (Windows NT 10.0; Win64; x64) AppleWebKit/537.36 (KHTML, like Gecko) Chrome/83.0.4103.116 Safari/537.36"
::1 - - [13/Jul/2020:08:05:09 +0000] "POST /login HTTP/1.1" 302 56 "http://localhost:3000/login" "Mozilla/5.0 (Windows NT 10.0; Win64; x64) AppleWebKit/537.36 (KHTML, like Gecko) Chrome/83.0.4103.116 Safari/537.36"
::1 - - [13/Jul/2020:08:05:09 +0000] "GET /login HTTP/1.1" 200 - "http://localhost:3000/login" "Mozilla/5.0 (Windows NT 10.0; Win64; x64) AppleWebKit/537.36 (KHTML, like Gecko) Chrome/83.0.4103.116 Safari/537.36"
::1 - - [13/Jul/2020:08:06:00 +0000] "GET /login HTTP/1.1" 200 - "http://localhost:3000/products/5ee100564ef0e56a28bf1d9b" "Mozilla/5.0 (Windows NT 10.0; Win64; x64; rv:78.0) Gecko/20100101 Firefox/78.0"
::1 - - [13/Jul/2020:08:06:03 +0000] "GET /signup HTTP/1.1" 200 - "http://localhost:3000/login" "Mozilla/5.0 (Windows NT 10.0; Win64; x64; rv:78.0) Gecko/20100101 Firefox/78.0"
::1 - - [13/Jul/2020:08:06:38 +0000] "POST /signup HTTP/1.1" 302 56 "http://localhost:3000/signup" "Mozilla/5.0 (Windows NT 10.0; Win64; x64; rv:78.0) Gecko/20100101 Firefox/78.0"
::1 - - [13/Jul/2020:08:06:38 +0000] "GET /login HTTP/1.1" 200 - "http://localhost:3000/signup" "Mozilla/5.0 (Windows NT 10.0; Win64; x64; rv:78.0) Gecko/20100101 Firefox/78.0"
::1 - - [13/Jul/2020:08:06:52 +0000] "POST /login HTTP/1.1" 302 46 "http://localhost:3000/login" "Mozilla/5.0 (Windows NT 10.0; Win64; x64; rv:78.0) Gecko/20100101 Firefox/78.0"
::1 - - [13/Jul/2020:08:06:52 +0000] "GET / HTTP/1.1" 200 - "http://localhost:3000/login" "Mozilla/5.0 (Windows NT 10.0; Win64; x64; rv:78.0) Gecko/20100101 Firefox/78.0"
::1 - - [13/Jul/2020:08:06:58 +0000] "GET /products HTTP/1.1" 200 - "http://localhost:3000/" "Mozilla/5.0 (Windows NT 10.0; Win64; x64; rv:78.0) Gecko/20100101 Firefox/78.0"
::1 - - [13/Jul/2020:08:07:01 +0000] "GET /products/5eba69a8a76494444c6d9b4c HTTP/1.1" 200 - "http://localhost:3000/products" "Mozilla/5.0 (Windows NT 10.0; Win64; x64; rv:78.0) Gecko/20100101 Firefox/78.0"
::1 - - [13/Jul/2020:08:07:15 +0000] "GET /products/5eba69a8a76494444c6d9b4c HTTP/1.1" 200 - "http://localhost:3000/products" "Mozilla/5.0 (Windows NT 10.0; Win64; x64; rv:78.0) Gecko/20100101 Firefox/78.0"
::1 - - [13/Jul/2020:08:07:18 +0000] "POST /cart HTTP/1.1" 302 54 "http://localhost:3000/products/5eba69a8a76494444c6d9b4c" "Mozilla/5.0 (Windows NT 10.0; Win64; x64; rv:78.0) Gecko/20100101 Firefox/78.0"
::1 - - [13/Jul/2020:08:07:19 +0000] "GET /cart HTTP/1.1" 200 - "http://localhost:3000/products/5eba69a8a76494444c6d9b4c" "Mozilla/5.0 (Windows NT 10.0; Win64; x64; rv:78.0) Gecko/20100101 Firefox/78.0"
::1 - - [13/Jul/2020:08:07:39 +0000] "POST /cart-delete-item HTTP/1.1" 302 54 "http://localhost:3000/cart" "Mozilla/5.0 (Windows NT 10.0; Win64; x64; rv:78.0) Gecko/20100101 Firefox/78.0"
::1 - - [13/Jul/2020:08:07:39 +0000] "GET /cart HTTP/1.1" 200 - "http://localhost:3000/cart" "Mozilla/5.0 (Windows NT 10.0; Win64; x64; rv:78.0) Gecko/20100101 Firefox/78.0"
::1 - - [13/Jul/2020:08:07:41 +0000] "GET /products HTTP/1.1" 200 - "http://localhost:3000/cart" "Mozilla/5.0 (Windows NT 10.0; Win64; x64; rv:78.0) Gecko/20100101 Firefox/78.0"
::1 - - [13/Jul/2020:08:07:44 +0000] "GET /products/5eba69a8a76494444c6d9b4c HTTP/1.1" 200 - "http://localhost:3000/products" "Mozilla/5.0 (Windows NT 10.0; Win64; x64; rv:78.0) Gecko/20100101 Firefox/78.0"
::1 - - [13/Jul/2020:08:07:46 +0000] "POST /cart HTTP/1.1" 302 54 "http://localhost:3000/products/5eba69a8a76494444c6d9b4c" "Mozilla/5.0 (Windows NT 10.0; Win64; x64; rv:78.0) Gecko/20100101 Firefox/78.0"
::1 - - [13/Jul/2020:08:07:46 +0000] "GET /cart HTTP/1.1" 200 - "http://localhost:3000/products/5eba69a8a76494444c6d9b4c" "Mozilla/5.0 (Windows NT 10.0; Win64; x64; rv:78.0) Gecko/20100101 Firefox/78.0"
::1 - - [13/Jul/2020:08:09:37 +0000] "POST /logout HTTP/1.1" 302 46 "http://localhost:3000/cart" "Mozilla/5.0 (Windows NT 10.0; Win64; x64; rv:78.0) Gecko/20100101 Firefox/78.0"
::1 - - [13/Jul/2020:08:09:37 +0000] "GET / HTTP/1.1" 200 - "http://localhost:3000/cart" "Mozilla/5.0 (Windows NT 10.0; Win64; x64; rv:78.0) Gecko/20100101 Firefox/78.0"
::1 - - [13/Jul/2020:08:09:40 +0000] "GET /products/5eba69a8a76494444c6d9b4c HTTP/1.1" 200 - "http://localhost:3000/" "Mozilla/5.0 (Windows NT 10.0; Win64; x64; rv:78.0) Gecko/20100101 Firefox/78.0"
::1 - - [13/Jul/2020:08:09:53 +0000] "GET /products/5eba69a8a76494444c6d9b4c HTTP/1.1" 200 - "http://localhost:3000/" "Mozilla/5.0 (Windows NT 10.0; Win64; x64; rv:78.0) Gecko/20100101 Firefox/78.0"
::1 - - [13/Jul/2020:08:09:55 +0000] "POST /cart HTTP/1.1" 302 56 "http://localhost:3000/products/5eba69a8a76494444c6d9b4c" "Mozilla/5.0 (Windows NT 10.0; Win64; x64; rv:78.0) Gecko/20100101 Firefox/78.0"
::1 - - [13/Jul/2020:08:09:56 +0000] "GET /login HTTP/1.1" 200 - "http://localhost:3000/products/5eba69a8a76494444c6d9b4c" "Mozilla/5.0 (Windows NT 10.0; Win64; x64; rv:78.0) Gecko/20100101 Firefox/78.0"
::1 - - [13/Jul/2020:08:10:07 +0000] "POST /login HTTP/1.1" 302 46 "http://localhost:3000/login" "Mozilla/5.0 (Windows NT 10.0; Win64; x64; rv:78.0) Gecko/20100101 Firefox/78.0"
::1 - - [13/Jul/2020:08:10:07 +0000] "GET / HTTP/1.1" 200 - "http://localhost:3000/login" "Mozilla/5.0 (Windows NT 10.0; Win64; x64; rv:78.0) Gecko/20100101 Firefox/78.0"
::1 - - [13/Jul/2020:08:10:41 +0000] "GET / HTTP/1.1" 200 - "http://localhost:3000/login" "Mozilla/5.0 (Windows NT 10.0; Win64; x64; rv:78.0) Gecko/20100101 Firefox/78.0"
::1 - - [13/Jul/2020:08:10:43 +0000] "POST /logout HTTP/1.1" 302 46 "http://localhost:3000/" "Mozilla/5.0 (Windows NT 10.0; Win64; x64; rv:78.0) Gecko/20100101 Firefox/78.0"
::1 - - [13/Jul/2020:08:10:44 +0000] "GET / HTTP/1.1" 200 - "http://localhost:3000/" "Mozilla/5.0 (Windows NT 10.0; Win64; x64; rv:78.0) Gecko/20100101 Firefox/78.0"
::1 - - [13/Jul/2020:08:10:46 +0000] "GET /products/5ee100564ef0e56a28bf1d9b HTTP/1.1" 200 - "http://localhost:3000/" "Mozilla/5.0 (Windows NT 10.0; Win64; x64; rv:78.0) Gecko/20100101 Firefox/78.0"
::1 - - [13/Jul/2020:08:10:48 +0000] "POST /cart HTTP/1.1" 302 56 "http://localhost:3000/products/5ee100564ef0e56a28bf1d9b" "Mozilla/5.0 (Windows NT 10.0; Win64; x64; rv:78.0) Gecko/20100101 Firefox/78.0"
::1 - - [13/Jul/2020:08:10:48 +0000] "GET /login HTTP/1.1" 200 - "http://localhost:3000/products/5ee100564ef0e56a28bf1d9b" "Mozilla/5.0 (Windows NT 10.0; Win64; x64; rv:78.0) Gecko/20100101 Firefox/78.0"
::1 - - [13/Jul/2020:08:10:51 +0000] "GET / HTTP/1.1" 304 - "http://localhost:3000/login" "Mozilla/5.0 (Windows NT 10.0; Win64; x64; rv:78.0) Gecko/20100101 Firefox/78.0"
::1 - - [13/Jul/2020:08:10:54 +0000] "GET /login HTTP/1.1" 200 - "http://localhost:3000/" "Mozilla/5.0 (Windows NT 10.0; Win64; x64; rv:78.0) Gecko/20100101 Firefox/78.0"
::1 - - [13/Jul/2020:08:11:05 +0000] "POST /login HTTP/1.1" 302 46 "http://localhost:3000/login" "Mozilla/5.0 (Windows NT 10.0; Win64; x64; rv:78.0) Gecko/20100101 Firefox/78.0"
::1 - - [13/Jul/2020:08:11:06 +0000] "GET / HTTP/1.1" 200 - "http://localhost:3000/login" "Mozilla/5.0 (Windows NT 10.0; Win64; x64; rv:78.0) Gecko/20100101 Firefox/78.0"
::1 - - [13/Jul/2020:08:11:08 +0000] "GET /products/5eba69a8a76494444c6d9b4c HTTP/1.1" 200 - "http://localhost:3000/" "Mozilla/5.0 (Windows NT 10.0; Win64; x64; rv:78.0) Gecko/20100101 Firefox/78.0"
::1 - - [13/Jul/2020:08:11:10 +0000] "POST /cart HTTP/1.1" 302 56 "http://localhost:3000/products/5eba69a8a76494444c6d9b4c" "Mozilla/5.0 (Windows NT 10.0; Win64; x64; rv:78.0) Gecko/20100101 Firefox/78.0"
::1 - - [13/Jul/2020:08:11:11 +0000] "GET /login HTTP/1.1" 200 - "http://localhost:3000/products/5eba69a8a76494444c6d9b4c" "Mozilla/5.0 (Windows NT 10.0; Win64; x64; rv:78.0) Gecko/20100101 Firefox/78.0"
::1 - - [13/Jul/2020:08:12:05 +0000] "POST /cart HTTP/1.1" 302 56 "http://localhost:3000/products/5eba69a8a76494444c6d9b4c" "Mozilla/5.0 (Windows NT 10.0; Win64; x64; rv:78.0) Gecko/20100101 Firefox/78.0"
::1 - - [13/Jul/2020:08:12:05 +0000] "GET /login HTTP/1.1" 200 - "http://localhost:3000/products/5eba69a8a76494444c6d9b4c" "Mozilla/5.0 (Windows NT 10.0; Win64; x64; rv:78.0) Gecko/20100101 Firefox/78.0"
